{"/home/antares/Documents/proj/CoodsTA/src/module/applications/authentication/LoginUsecase.ts": {"path":"/home/antares/Documents/proj/CoodsTA/src/module/applications/authentication/LoginUsecase.ts","statementMap":{"0":{"start":{"line":4,"column":0},"end":{"line":4,"column":69}},"1":{"start":{"line":31,"column":25},"end":{"line":31,"column":55}},"2":{"start":{"line":32,"column":25},"end":{"line":32,"column":49}},"3":{"start":{"line":33,"column":25},"end":{"line":33,"column":47}},"4":{"start":{"line":38,"column":8},"end":{"line":40,"column":9}},"5":{"start":{"line":39,"column":12},"end":{"line":39,"column":65}},"6":{"start":{"line":41,"column":8},"end":{"line":43,"column":9}},"7":{"start":{"line":42,"column":12},"end":{"line":42,"column":68}},"8":{"start":{"line":46,"column":21},"end":{"line":46,"column":90}},"9":{"start":{"line":47,"column":8},"end":{"line":49,"column":9}},"10":{"start":{"line":48,"column":12},"end":{"line":48,"column":73}},"11":{"start":{"line":52,"column":32},"end":{"line":52,"column":91}},"12":{"start":{"line":53,"column":8},"end":{"line":55,"column":9}},"13":{"start":{"line":54,"column":12},"end":{"line":54,"column":73}},"14":{"start":{"line":58,"column":23},"end":{"line":62,"column":10}},"15":{"start":{"line":65,"column":24},"end":{"line":65,"column":43}},"16":{"start":{"line":67,"column":8},"end":{"line":75,"column":10}},"17":{"start":{"line":29,"column":0},"end":{"line":29,"column":13}}},"fnMap":{"0":{"name":"(anonymous_0)","decl":{"start":{"line":30,"column":4},"end":{"line":30,"column":null}},"loc":{"start":{"line":33,"column":47},"end":{"line":34,"column":8}}},"1":{"name":"(anonymous_1)","decl":{"start":{"line":36,"column":4},"end":{"line":36,"column":9}},"loc":{"start":{"line":36,"column":31},"end":{"line":76,"column":5}}}},"branchMap":{"0":{"loc":{"start":{"line":38,"column":8},"end":{"line":40,"column":9}},"type":"if","locations":[{"start":{"line":38,"column":8},"end":{"line":40,"column":9}},{"start":{},"end":{}}]},"1":{"loc":{"start":{"line":38,"column":12},"end":{"line":38,"column":55}},"type":"binary-expr","locations":[{"start":{"line":38,"column":12},"end":{"line":38,"column":22}},{"start":{"line":38,"column":26},"end":{"line":38,"column":55}}]},"2":{"loc":{"start":{"line":41,"column":8},"end":{"line":43,"column":9}},"type":"if","locations":[{"start":{"line":41,"column":8},"end":{"line":43,"column":9}},{"start":{},"end":{}}]},"3":{"loc":{"start":{"line":41,"column":12},"end":{"line":41,"column":61}},"type":"binary-expr","locations":[{"start":{"line":41,"column":12},"end":{"line":41,"column":25}},{"start":{"line":41,"column":29},"end":{"line":41,"column":61}}]},"4":{"loc":{"start":{"line":47,"column":8},"end":{"line":49,"column":9}},"type":"if","locations":[{"start":{"line":47,"column":8},"end":{"line":49,"column":9}},{"start":{},"end":{}}]},"5":{"loc":{"start":{"line":53,"column":8},"end":{"line":55,"column":9}},"type":"if","locations":[{"start":{"line":53,"column":8},"end":{"line":55,"column":9}},{"start":{},"end":{}}]}},"s":{"0":1,"1":12,"2":12,"3":12,"4":12,"5":3,"6":9,"7":3,"8":6,"9":6,"10":1,"11":5,"12":5,"13":1,"14":4,"15":4,"16":4,"17":1},"f":{"0":12,"1":12},"b":{"0":[3,9],"1":[12,10],"2":[3,6],"3":[9,7],"4":[1,5],"5":[1,4]}}
,"/home/antares/Documents/proj/CoodsTA/src/module/applications/authentication/RegisterUsecase.ts": {"path":"/home/antares/Documents/proj/CoodsTA/src/module/applications/authentication/RegisterUsecase.ts","statementMap":{"0":{"start":{"line":3,"column":0},"end":{"line":3,"column":56}},"1":{"start":{"line":4,"column":0},"end":{"line":4,"column":36}},"2":{"start":{"line":20,"column":25},"end":{"line":20,"column":55}},"3":{"start":{"line":21,"column":25},"end":{"line":21,"column":49}},"4":{"start":{"line":25,"column":8},"end":{"line":27,"column":9}},"5":{"start":{"line":26,"column":12},"end":{"line":26,"column":null}},"6":{"start":{"line":28,"column":8},"end":{"line":30,"column":9}},"7":{"start":{"line":29,"column":12},"end":{"line":29,"column":null}},"8":{"start":{"line":31,"column":8},"end":{"line":33,"column":9}},"9":{"start":{"line":32,"column":12},"end":{"line":32,"column":null}},"10":{"start":{"line":36,"column":29},"end":{"line":36,"column":98}},"11":{"start":{"line":37,"column":8},"end":{"line":39,"column":9}},"12":{"start":{"line":38,"column":12},"end":{"line":38,"column":75}},"13":{"start":{"line":42,"column":29},"end":{"line":42,"column":70}},"14":{"start":{"line":45,"column":25},"end":{"line":53,"column":14}},"15":{"start":{"line":56,"column":8},"end":{"line":56,"column":45}},"16":{"start":{"line":58,"column":8},"end":{"line":62,"column":10}},"17":{"start":{"line":18,"column":0},"end":{"line":18,"column":13}}},"fnMap":{"0":{"name":"(anonymous_0)","decl":{"start":{"line":19,"column":4},"end":{"line":19,"column":null}},"loc":{"start":{"line":21,"column":49},"end":{"line":22,"column":7}}},"1":{"name":"(anonymous_1)","decl":{"start":{"line":24,"column":4},"end":{"line":24,"column":9}},"loc":{"start":{"line":24,"column":34},"end":{"line":63,"column":5}}}},"branchMap":{"0":{"loc":{"start":{"line":25,"column":8},"end":{"line":27,"column":9}},"type":"if","locations":[{"start":{"line":25,"column":8},"end":{"line":27,"column":9}},{"start":{},"end":{}}]},"1":{"loc":{"start":{"line":25,"column":11},"end":{"line":25,"column":52}},"type":"binary-expr","locations":[{"start":{"line":25,"column":11},"end":{"line":25,"column":20}},{"start":{"line":25,"column":24},"end":{"line":25,"column":52}}]},"2":{"loc":{"start":{"line":28,"column":8},"end":{"line":30,"column":9}},"type":"if","locations":[{"start":{"line":28,"column":8},"end":{"line":30,"column":9}},{"start":{},"end":{}}]},"3":{"loc":{"start":{"line":28,"column":11},"end":{"line":28,"column":54}},"type":"binary-expr","locations":[{"start":{"line":28,"column":11},"end":{"line":28,"column":21}},{"start":{"line":28,"column":25},"end":{"line":28,"column":54}}]},"4":{"loc":{"start":{"line":31,"column":8},"end":{"line":33,"column":9}},"type":"if","locations":[{"start":{"line":31,"column":8},"end":{"line":33,"column":9}},{"start":{},"end":{}}]},"5":{"loc":{"start":{"line":31,"column":11},"end":{"line":31,"column":60}},"type":"binary-expr","locations":[{"start":{"line":31,"column":11},"end":{"line":31,"column":24}},{"start":{"line":31,"column":28},"end":{"line":31,"column":60}}]},"6":{"loc":{"start":{"line":37,"column":8},"end":{"line":39,"column":9}},"type":"if","locations":[{"start":{"line":37,"column":8},"end":{"line":39,"column":9}},{"start":{},"end":{}}]}},"s":{"0":1,"1":1,"2":15,"3":15,"4":15,"5":3,"6":12,"7":3,"8":9,"9":3,"10":6,"11":6,"12":1,"13":5,"14":5,"15":5,"16":5,"17":1},"f":{"0":15,"1":15},"b":{"0":[3,12],"1":[15,13],"2":[3,9],"3":[12,10],"4":[3,6],"5":[9,7],"6":[1,5]}}
,"/home/antares/Documents/proj/CoodsTA/src/module/applications/model/UploadModelUsecase.ts": {"path":"/home/antares/Documents/proj/CoodsTA/src/module/applications/model/UploadModelUsecase.ts","statementMap":{"0":{"start":{"line":3,"column":0},"end":{"line":3,"column":49}},"1":{"start":{"line":4,"column":0},"end":{"line":4,"column":68}},"2":{"start":{"line":5,"column":0},"end":{"line":5,"column":36}},"3":{"start":{"line":41,"column":25},"end":{"line":41,"column":57}},"4":{"start":{"line":42,"column":25},"end":{"line":42,"column":65}},"5":{"start":{"line":47,"column":8},"end":{"line":49,"column":9}},"6":{"start":{"line":48,"column":12},"end":{"line":48,"column":77}},"7":{"start":{"line":50,"column":8},"end":{"line":52,"column":9}},"8":{"start":{"line":51,"column":12},"end":{"line":51,"column":74}},"9":{"start":{"line":53,"column":8},"end":{"line":55,"column":9}},"10":{"start":{"line":54,"column":12},"end":{"line":54,"column":75}},"11":{"start":{"line":56,"column":8},"end":{"line":58,"column":9}},"12":{"start":{"line":57,"column":12},"end":{"line":57,"column":77}},"13":{"start":{"line":61,"column":29},"end":{"line":64,"column":null}},"14":{"start":{"line":67,"column":8},"end":{"line":112,"column":9}},"15":{"start":{"line":69,"column":12},"end":{"line":83,"column":13}},"16":{"start":{"line":70,"column":38},"end":{"line":70,"column":96}},"17":{"start":{"line":71,"column":16},"end":{"line":82,"column":17}},"18":{"start":{"line":72,"column":45},"end":{"line":80,"column":22}},"19":{"start":{"line":81,"column":20},"end":{"line":81,"column":70}},"20":{"start":{"line":86,"column":24},"end":{"line":86,"column":34}},"21":{"start":{"line":87,"column":26},"end":{"line":95,"column":14}},"22":{"start":{"line":98,"column":12},"end":{"line":98,"column":51}},"23":{"start":{"line":101,"column":29},"end":{"line":101,"column":53}},"24":{"start":{"line":103,"column":12},"end":{"line":107,"column":14}},"25":{"start":{"line":110,"column":12},"end":{"line":110,"column":73}},"26":{"start":{"line":111,"column":12},"end":{"line":111,"column":24}},"27":{"start":{"line":39,"column":0},"end":{"line":39,"column":13}}},"fnMap":{"0":{"name":"(anonymous_0)","decl":{"start":{"line":40,"column":4},"end":{"line":40,"column":null}},"loc":{"start":{"line":42,"column":65},"end":{"line":43,"column":8}}},"1":{"name":"(anonymous_1)","decl":{"start":{"line":45,"column":4},"end":{"line":45,"column":9}},"loc":{"start":{"line":45,"column":37},"end":{"line":113,"column":5}}}},"branchMap":{"0":{"loc":{"start":{"line":47,"column":8},"end":{"line":49,"column":9}},"type":"if","locations":[{"start":{"line":47,"column":8},"end":{"line":49,"column":9}},{"start":{},"end":{}}]},"1":{"loc":{"start":{"line":50,"column":8},"end":{"line":52,"column":9}},"type":"if","locations":[{"start":{"line":50,"column":8},"end":{"line":52,"column":9}},{"start":{},"end":{}}]},"2":{"loc":{"start":{"line":50,"column":12},"end":{"line":50,"column":59}},"type":"binary-expr","locations":[{"start":{"line":50,"column":12},"end":{"line":50,"column":24}},{"start":{"line":50,"column":28},"end":{"line":50,"column":59}}]},"3":{"loc":{"start":{"line":53,"column":8},"end":{"line":55,"column":9}},"type":"if","locations":[{"start":{"line":53,"column":8},"end":{"line":55,"column":9}},{"start":{},"end":{}}]},"4":{"loc":{"start":{"line":53,"column":12},"end":{"line":53,"column":63}},"type":"binary-expr","locations":[{"start":{"line":53,"column":12},"end":{"line":53,"column":38}},{"start":{"line":53,"column":42},"end":{"line":53,"column":63}}]},"5":{"loc":{"start":{"line":56,"column":8},"end":{"line":58,"column":9}},"type":"if","locations":[{"start":{"line":56,"column":8},"end":{"line":58,"column":9}},{"start":{},"end":{}}]},"6":{"loc":{"start":{"line":69,"column":12},"end":{"line":83,"column":13}},"type":"if","locations":[{"start":{"line":69,"column":12},"end":{"line":83,"column":13}},{"start":{},"end":{}}]},"7":{"loc":{"start":{"line":71,"column":16},"end":{"line":82,"column":17}},"type":"if","locations":[{"start":{"line":71,"column":16},"end":{"line":82,"column":17}},{"start":{},"end":{}}]},"8":{"loc":{"start":{"line":94,"column":27},"end":{"line":94,"column":76}},"type":"cond-expr","locations":[{"start":{"line":94,"column":52},"end":{"line":94,"column":60}},{"start":{"line":94,"column":63},"end":{"line":94,"column":76}}]}},"s":{"0":1,"1":1,"2":1,"3":11,"4":11,"5":11,"6":1,"7":10,"8":2,"9":8,"10":2,"11":6,"12":1,"13":5,"14":5,"15":5,"16":4,"17":4,"18":1,"19":1,"20":5,"21":5,"22":5,"23":4,"24":4,"25":1,"26":1,"27":1},"f":{"0":11,"1":11},"b":{"0":[1,10],"1":[2,8],"2":[10,9],"3":[2,6],"4":[8,7],"5":[1,5],"6":[4,1],"7":[1,3],"8":[4,1]}}
,"/home/antares/Documents/proj/CoodsTA/src/module/applications/product/UploadProductUsecase.ts": {"path":"/home/antares/Documents/proj/CoodsTA/src/module/applications/product/UploadProductUsecase.ts","statementMap":{"0":{"start":{"line":3,"column":0},"end":{"line":3,"column":55}},"1":{"start":{"line":4,"column":0},"end":{"line":4,"column":68}},"2":{"start":{"line":5,"column":0},"end":{"line":5,"column":36}},"3":{"start":{"line":36,"column":25},"end":{"line":36,"column":61}},"4":{"start":{"line":37,"column":25},"end":{"line":37,"column":55}},"5":{"start":{"line":42,"column":8},"end":{"line":44,"column":9}},"6":{"start":{"line":43,"column":12},"end":{"line":43,"column":81}},"7":{"start":{"line":45,"column":8},"end":{"line":47,"column":9}},"8":{"start":{"line":46,"column":12},"end":{"line":46,"column":77}},"9":{"start":{"line":48,"column":8},"end":{"line":50,"column":9}},"10":{"start":{"line":49,"column":12},"end":{"line":49,"column":74}},"11":{"start":{"line":53,"column":29},"end":{"line":53,"column":72}},"12":{"start":{"line":55,"column":8},"end":{"line":81,"column":9}},"13":{"start":{"line":57,"column":24},"end":{"line":57,"column":34}},"14":{"start":{"line":58,"column":28},"end":{"line":64,"column":14}},"15":{"start":{"line":67,"column":12},"end":{"line":67,"column":55}},"16":{"start":{"line":70,"column":31},"end":{"line":70,"column":56}},"17":{"start":{"line":72,"column":12},"end":{"line":76,"column":14}},"18":{"start":{"line":79,"column":12},"end":{"line":79,"column":68}},"19":{"start":{"line":80,"column":12},"end":{"line":80,"column":24}},"20":{"start":{"line":34,"column":0},"end":{"line":34,"column":13}}},"fnMap":{"0":{"name":"(anonymous_0)","decl":{"start":{"line":35,"column":4},"end":{"line":35,"column":null}},"loc":{"start":{"line":37,"column":55},"end":{"line":38,"column":8}}},"1":{"name":"(anonymous_1)","decl":{"start":{"line":40,"column":4},"end":{"line":40,"column":9}},"loc":{"start":{"line":40,"column":39},"end":{"line":82,"column":5}}}},"branchMap":{"0":{"loc":{"start":{"line":42,"column":8},"end":{"line":44,"column":9}},"type":"if","locations":[{"start":{"line":42,"column":8},"end":{"line":44,"column":9}},{"start":{},"end":{}}]},"1":{"loc":{"start":{"line":42,"column":12},"end":{"line":42,"column":53}},"type":"binary-expr","locations":[{"start":{"line":42,"column":12},"end":{"line":42,"column":21}},{"start":{"line":42,"column":25},"end":{"line":42,"column":53}}]},"2":{"loc":{"start":{"line":45,"column":8},"end":{"line":47,"column":9}},"type":"if","locations":[{"start":{"line":45,"column":8},"end":{"line":47,"column":9}},{"start":{},"end":{}}]},"3":{"loc":{"start":{"line":45,"column":12},"end":{"line":45,"column":61}},"type":"binary-expr","locations":[{"start":{"line":45,"column":12},"end":{"line":45,"column":25}},{"start":{"line":45,"column":29},"end":{"line":45,"column":61}}]},"4":{"loc":{"start":{"line":48,"column":8},"end":{"line":50,"column":9}},"type":"if","locations":[{"start":{"line":48,"column":8},"end":{"line":50,"column":9}},{"start":{},"end":{}}]}},"s":{"0":1,"1":1,"2":1,"3":13,"4":13,"5":13,"6":3,"7":10,"8":3,"9":7,"10":2,"11":5,"12":5,"13":5,"14":5,"15":5,"16":4,"17":4,"18":1,"19":1,"20":1},"f":{"0":13,"1":13},"b":{"0":[3,10],"1":[13,11],"2":[3,7],"3":[10,8],"4":[2,5]}}
,"/home/antares/Documents/proj/CoodsTA/src/module/applications/report/SaveReportUsecase.ts": {"path":"/home/antares/Documents/proj/CoodsTA/src/module/applications/report/SaveReportUsecase.ts","statementMap":{"0":{"start":{"line":4,"column":0},"end":{"line":4,"column":52}},"1":{"start":{"line":5,"column":0},"end":{"line":5,"column":65}},"2":{"start":{"line":6,"column":0},"end":{"line":6,"column":36}},"3":{"start":{"line":38,"column":25},"end":{"line":38,"column":59}},"4":{"start":{"line":39,"column":25},"end":{"line":39,"column":55}},"5":{"start":{"line":40,"column":25},"end":{"line":40,"column":61}},"6":{"start":{"line":45,"column":8},"end":{"line":47,"column":9}},"7":{"start":{"line":46,"column":12},"end":{"line":46,"column":73}},"8":{"start":{"line":48,"column":8},"end":{"line":50,"column":9}},"9":{"start":{"line":49,"column":12},"end":{"line":49,"column":76}},"10":{"start":{"line":51,"column":8},"end":{"line":53,"column":9}},"11":{"start":{"line":52,"column":12},"end":{"line":52,"column":85}},"12":{"start":{"line":54,"column":8},"end":{"line":56,"column":9}},"13":{"start":{"line":55,"column":12},"end":{"line":55,"column":82}},"14":{"start":{"line":59,"column":21},"end":{"line":59,"column":67}},"15":{"start":{"line":60,"column":8},"end":{"line":62,"column":9}},"16":{"start":{"line":61,"column":12},"end":{"line":61,"column":68}},"17":{"start":{"line":65,"column":24},"end":{"line":65,"column":76}},"18":{"start":{"line":66,"column":8},"end":{"line":68,"column":9}},"19":{"start":{"line":67,"column":12},"end":{"line":67,"column":71}},"20":{"start":{"line":71,"column":23},"end":{"line":77,"column":10}},"21":{"start":{"line":80,"column":8},"end":{"line":80,"column":49}},"22":{"start":{"line":83,"column":26},"end":{"line":83,"column":49}},"23":{"start":{"line":85,"column":8},"end":{"line":89,"column":10}},"24":{"start":{"line":36,"column":0},"end":{"line":36,"column":13}}},"fnMap":{"0":{"name":"(anonymous_0)","decl":{"start":{"line":37,"column":4},"end":{"line":37,"column":null}},"loc":{"start":{"line":40,"column":61},"end":{"line":41,"column":8}}},"1":{"name":"(anonymous_1)","decl":{"start":{"line":43,"column":4},"end":{"line":43,"column":9}},"loc":{"start":{"line":43,"column":36},"end":{"line":90,"column":5}}}},"branchMap":{"0":{"loc":{"start":{"line":45,"column":8},"end":{"line":47,"column":9}},"type":"if","locations":[{"start":{"line":45,"column":8},"end":{"line":47,"column":9}},{"start":{},"end":{}}]},"1":{"loc":{"start":{"line":45,"column":12},"end":{"line":45,"column":57}},"type":"binary-expr","locations":[{"start":{"line":45,"column":12},"end":{"line":45,"column":23}},{"start":{"line":45,"column":27},"end":{"line":45,"column":57}}]},"2":{"loc":{"start":{"line":48,"column":8},"end":{"line":50,"column":9}},"type":"if","locations":[{"start":{"line":48,"column":8},"end":{"line":50,"column":9}},{"start":{},"end":{}}]},"3":{"loc":{"start":{"line":48,"column":12},"end":{"line":48,"column":63}},"type":"binary-expr","locations":[{"start":{"line":48,"column":12},"end":{"line":48,"column":26}},{"start":{"line":48,"column":30},"end":{"line":48,"column":63}}]},"4":{"loc":{"start":{"line":51,"column":8},"end":{"line":53,"column":9}},"type":"if","locations":[{"start":{"line":51,"column":8},"end":{"line":53,"column":9}},{"start":{},"end":{}}]},"5":{"loc":{"start":{"line":54,"column":8},"end":{"line":56,"column":9}},"type":"if","locations":[{"start":{"line":54,"column":8},"end":{"line":56,"column":9}},{"start":{},"end":{}}]},"6":{"loc":{"start":{"line":54,"column":12},"end":{"line":54,"column":77}},"type":"binary-expr","locations":[{"start":{"line":54,"column":12},"end":{"line":54,"column":45}},{"start":{"line":54,"column":49},"end":{"line":54,"column":77}}]},"7":{"loc":{"start":{"line":60,"column":8},"end":{"line":62,"column":9}},"type":"if","locations":[{"start":{"line":60,"column":8},"end":{"line":62,"column":9}},{"start":{},"end":{}}]},"8":{"loc":{"start":{"line":66,"column":8},"end":{"line":68,"column":9}},"type":"if","locations":[{"start":{"line":66,"column":8},"end":{"line":68,"column":9}},{"start":{},"end":{}}]}},"s":{"0":1,"1":1,"2":1,"3":13,"4":13,"5":13,"6":13,"7":2,"8":11,"9":2,"10":9,"11":1,"12":8,"13":2,"14":6,"15":6,"16":2,"17":4,"18":4,"19":1,"20":3,"21":3,"22":3,"23":3,"24":1},"f":{"0":13,"1":13},"b":{"0":[2,11],"1":[13,12],"2":[2,9],"3":[11,10],"4":[1,8],"5":[2,6],"6":[8,7],"7":[2,4],"8":[1,3]}}
,"/home/antares/Documents/proj/CoodsTA/src/module/domain/authentication/User.ts": {"path":"/home/antares/Documents/proj/CoodsTA/src/module/domain/authentication/User.ts","statementMap":{"0":{"start":{"line":1,"column":0},"end":{"line":1,"column":53}},"1":{"start":{"line":2,"column":0},"end":{"line":2,"column":35}},"2":{"start":{"line":3,"column":0},"end":{"line":3,"column":41}},"3":{"start":{"line":4,"column":0},"end":{"line":4,"column":41}},"4":{"start":{"line":5,"column":0},"end":{"line":5,"column":41}},"5":{"start":{"line":28,"column":8},"end":{"line":28,"column":25}},"6":{"start":{"line":32,"column":8},"end":{"line":32,"column":24}},"7":{"start":{"line":36,"column":8},"end":{"line":36,"column":38}},"8":{"start":{"line":40,"column":8},"end":{"line":40,"column":32}},"9":{"start":{"line":44,"column":8},"end":{"line":44,"column":37}},"10":{"start":{"line":48,"column":8},"end":{"line":48,"column":31}},"11":{"start":{"line":52,"column":8},"end":{"line":52,"column":41}},"12":{"start":{"line":56,"column":8},"end":{"line":56,"column":35}},"13":{"start":{"line":60,"column":8},"end":{"line":60,"column":37}},"14":{"start":{"line":64,"column":8},"end":{"line":64,"column":31}},"15":{"start":{"line":68,"column":8},"end":{"line":68,"column":37}},"16":{"start":{"line":72,"column":8},"end":{"line":72,"column":36}},"17":{"start":{"line":76,"column":8},"end":{"line":78,"column":9}},"18":{"start":{"line":77,"column":12},"end":{"line":77,"column":66}},"19":{"start":{"line":81,"column":22},"end":{"line":81,"column":47}},"20":{"start":{"line":82,"column":21},"end":{"line":82,"column":48}},"21":{"start":{"line":83,"column":25},"end":{"line":85,"column":45}},"22":{"start":{"line":86,"column":21},"end":{"line":86,"column":48}},"23":{"start":{"line":88,"column":8},"end":{"line":95,"column":11}},"24":{"start":{"line":102,"column":8},"end":{"line":102,"column":61}},"25":{"start":{"line":26,"column":0},"end":{"line":26,"column":13}}},"fnMap":{"0":{"name":"(anonymous_0)","decl":{"start":{"line":27,"column":4},"end":{"line":27,"column":24}},"loc":{"start":{"line":27,"column":52},"end":{"line":29,"column":5}}},"1":{"name":"(anonymous_1)","decl":{"start":{"line":31,"column":4},"end":{"line":31,"column":8}},"loc":{"start":{"line":31,"column":10},"end":{"line":33,"column":5}}},"2":{"name":"(anonymous_2)","decl":{"start":{"line":35,"column":4},"end":{"line":35,"column":8}},"loc":{"start":{"line":35,"column":13},"end":{"line":37,"column":5}}},"3":{"name":"(anonymous_3)","decl":{"start":{"line":39,"column":4},"end":{"line":39,"column":8}},"loc":{"start":{"line":39,"column":15},"end":{"line":41,"column":5}}},"4":{"name":"(anonymous_4)","decl":{"start":{"line":43,"column":4},"end":{"line":43,"column":8}},"loc":{"start":{"line":43,"column":12},"end":{"line":45,"column":5}}},"5":{"name":"(anonymous_5)","decl":{"start":{"line":47,"column":4},"end":{"line":47,"column":8}},"loc":{"start":{"line":47,"column":14},"end":{"line":49,"column":5}}},"6":{"name":"(anonymous_6)","decl":{"start":{"line":51,"column":4},"end":{"line":51,"column":8}},"loc":{"start":{"line":51,"column":16},"end":{"line":53,"column":5}}},"7":{"name":"(anonymous_7)","decl":{"start":{"line":55,"column":4},"end":{"line":55,"column":8}},"loc":{"start":{"line":55,"column":18},"end":{"line":57,"column":5}}},"8":{"name":"(anonymous_8)","decl":{"start":{"line":59,"column":4},"end":{"line":59,"column":8}},"loc":{"start":{"line":59,"column":12},"end":{"line":61,"column":5}}},"9":{"name":"(anonymous_9)","decl":{"start":{"line":63,"column":4},"end":{"line":63,"column":8}},"loc":{"start":{"line":63,"column":14},"end":{"line":65,"column":5}}},"10":{"name":"(anonymous_10)","decl":{"start":{"line":67,"column":4},"end":{"line":67,"column":8}},"loc":{"start":{"line":67,"column":17},"end":{"line":69,"column":5}}},"11":{"name":"(anonymous_11)","decl":{"start":{"line":71,"column":4},"end":{"line":71,"column":8}},"loc":{"start":{"line":71,"column":17},"end":{"line":73,"column":5}}},"12":{"name":"(anonymous_12)","decl":{"start":{"line":75,"column":4},"end":{"line":75,"column":10}},"loc":{"start":{"line":75,"column":52},"end":{"line":96,"column":5}}},"13":{"name":"(anonymous_13)","decl":{"start":{"line":101,"column":4},"end":{"line":101,"column":10}},"loc":{"start":{"line":101,"column":61},"end":{"line":103,"column":5}}}},"branchMap":{"0":{"loc":{"start":{"line":76,"column":8},"end":{"line":78,"column":9}},"type":"if","locations":[{"start":{"line":76,"column":8},"end":{"line":78,"column":9}},{"start":{},"end":{}}]},"1":{"loc":{"start":{"line":83,"column":25},"end":{"line":85,"column":45}},"type":"cond-expr","locations":[{"start":{"line":84,"column":14},"end":{"line":84,"column":51}},{"start":{"line":85,"column":14},"end":{"line":85,"column":45}}]}},"s":{"0":5,"1":5,"2":5,"3":5,"4":5,"5":34,"6":24,"7":18,"8":1,"9":14,"10":1,"11":10,"12":5,"13":18,"14":1,"15":9,"16":9,"17":43,"18":3,"19":40,"20":38,"21":36,"22":35,"23":34,"24":11,"25":5},"f":{"0":34,"1":24,"2":18,"3":1,"4":14,"5":1,"6":10,"7":5,"8":18,"9":1,"10":9,"11":9,"12":43,"13":11},"b":{"0":[3,40],"1":[16,20]}}
,"/home/antares/Documents/proj/CoodsTA/src/module/domain/authentication/mapper/UserMap.ts": {"path":"/home/antares/Documents/proj/CoodsTA/src/module/domain/authentication/mapper/UserMap.ts","statementMap":{"0":{"start":{"line":1,"column":0},"end":{"line":1,"column":31}},"1":{"start":{"line":29,"column":8},"end":{"line":36,"column":11}},"2":{"start":{"line":43,"column":8},"end":{"line":49,"column":10}},"3":{"start":{"line":56,"column":8},"end":{"line":61,"column":10}},"4":{"start":{"line":68,"column":8},"end":{"line":75,"column":10}},"5":{"start":{"line":82,"column":8},"end":{"line":82,"column":55}},"6":{"start":{"line":82,"column":35},"end":{"line":82,"column":53}},"7":{"start":{"line":89,"column":8},"end":{"line":89,"column":51}},"8":{"start":{"line":89,"column":33},"end":{"line":89,"column":49}},"9":{"start":{"line":24,"column":0},"end":{"line":24,"column":13}}},"fnMap":{"0":{"name":"(anonymous_0)","decl":{"start":{"line":28,"column":11},"end":{"line":28,"column":17}},"loc":{"start":{"line":28,"column":41},"end":{"line":37,"column":5}}},"1":{"name":"(anonymous_1)","decl":{"start":{"line":42,"column":11},"end":{"line":42,"column":17}},"loc":{"start":{"line":42,"column":42},"end":{"line":50,"column":5}}},"2":{"name":"(anonymous_2)","decl":{"start":{"line":55,"column":11},"end":{"line":55,"column":17}},"loc":{"start":{"line":55,"column":48},"end":{"line":62,"column":5}}},"3":{"name":"(anonymous_3)","decl":{"start":{"line":67,"column":11},"end":{"line":67,"column":17}},"loc":{"start":{"line":67,"column":34},"end":{"line":76,"column":5}}},"4":{"name":"(anonymous_4)","decl":{"start":{"line":81,"column":11},"end":{"line":81,"column":17}},"loc":{"start":{"line":81,"column":52},"end":{"line":83,"column":5}}},"5":{"name":"(anonymous_5)","decl":{"start":{"line":82,"column":28},"end":{"line":82,"column":31}},"loc":{"start":{"line":82,"column":35},"end":{"line":82,"column":53}}},"6":{"name":"(anonymous_6)","decl":{"start":{"line":88,"column":11},"end":{"line":88,"column":17}},"loc":{"start":{"line":88,"column":41},"end":{"line":90,"column":5}}},"7":{"name":"(anonymous_7)","decl":{"start":{"line":89,"column":25},"end":{"line":89,"column":29}},"loc":{"start":{"line":89,"column":33},"end":{"line":89,"column":49}}}},"branchMap":{"0":{"loc":{"start":{"line":31,"column":18},"end":{"line":31,"column":32}},"type":"binary-expr","locations":[{"start":{"line":31,"column":18},"end":{"line":31,"column":26}},{"start":{"line":31,"column":30},"end":{"line":31,"column":32}}]},"1":{"loc":{"start":{"line":32,"column":22},"end":{"line":32,"column":40}},"type":"binary-expr","locations":[{"start":{"line":32,"column":22},"end":{"line":32,"column":34}},{"start":{"line":32,"column":38},"end":{"line":32,"column":40}}]}},"s":{"0":2,"1":5,"2":1,"3":1,"4":8,"5":2,"6":2,"7":2,"8":2,"9":2},"f":{"0":5,"1":1,"2":1,"3":8,"4":2,"5":2,"6":2,"7":2},"b":{"0":[5,1],"1":[5,1]}}
,"/home/antares/Documents/proj/CoodsTA/src/module/domain/authentication/vo/Email.ts": {"path":"/home/antares/Documents/proj/CoodsTA/src/module/domain/authentication/vo/Email.ts","statementMap":{"0":{"start":{"line":1,"column":0},"end":{"line":1,"column":66}},"1":{"start":{"line":9,"column":8},"end":{"line":9,"column":null}},"2":{"start":{"line":13,"column":8},"end":{"line":13,"column":null}},"3":{"start":{"line":19,"column":22},"end":{"line":19,"column":50}},"4":{"start":{"line":20,"column":8},"end":{"line":20,"column":null}},"5":{"start":{"line":25,"column":8},"end":{"line":27,"column":9}},"6":{"start":{"line":26,"column":12},"end":{"line":26,"column":null}},"7":{"start":{"line":29,"column":8},"end":{"line":31,"column":9}},"8":{"start":{"line":30,"column":12},"end":{"line":30,"column":null}},"9":{"start":{"line":33,"column":8},"end":{"line":33,"column":null}},"10":{"start":{"line":7,"column":0},"end":{"line":7,"column":13}}},"fnMap":{"0":{"name":"(anonymous_0)","decl":{"start":{"line":8,"column":4},"end":{"line":8,"column":24}},"loc":{"start":{"line":8,"column":41},"end":{"line":10,"column":5}}},"1":{"name":"(anonymous_1)","decl":{"start":{"line":12,"column":4},"end":{"line":12,"column":8}},"loc":{"start":{"line":12,"column":13},"end":{"line":14,"column":5}}},"2":{"name":"(anonymous_2)","decl":{"start":{"line":16,"column":12},"end":{"line":16,"column":18}},"loc":{"start":{"line":16,"column":45},"end":{"line":21,"column":5}}},"3":{"name":"(anonymous_3)","decl":{"start":{"line":23,"column":11},"end":{"line":23,"column":17}},"loc":{"start":{"line":23,"column":38},"end":{"line":34,"column":5}}}},"branchMap":{"0":{"loc":{"start":{"line":25,"column":8},"end":{"line":27,"column":9}},"type":"if","locations":[{"start":{"line":25,"column":8},"end":{"line":27,"column":9}},{"start":{},"end":{}}]},"1":{"loc":{"start":{"line":25,"column":11},"end":{"line":25,"column":46}},"type":"binary-expr","locations":[{"start":{"line":25,"column":11},"end":{"line":25,"column":17}},{"start":{"line":25,"column":21},"end":{"line":25,"column":46}}]},"2":{"loc":{"start":{"line":29,"column":8},"end":{"line":31,"column":9}},"type":"if","locations":[{"start":{"line":29,"column":8},"end":{"line":31,"column":9}},{"start":{},"end":{}}]}},"s":{"0":6,"1":53,"2":28,"3":60,"4":60,"5":65,"6":5,"7":60,"8":7,"9":53,"10":6},"f":{"0":53,"1":28,"2":60,"3":65},"b":{"0":[5,60],"1":[65,61],"2":[7,53]}}
,"/home/antares/Documents/proj/CoodsTA/src/module/domain/authentication/vo/Password.ts": {"path":"/home/antares/Documents/proj/CoodsTA/src/module/domain/authentication/vo/Password.ts","statementMap":{"0":{"start":{"line":1,"column":0},"end":{"line":1,"column":66}},"1":{"start":{"line":10,"column":8},"end":{"line":10,"column":null}},"2":{"start":{"line":14,"column":8},"end":{"line":14,"column":null}},"3":{"start":{"line":18,"column":8},"end":{"line":18,"column":null}},"4":{"start":{"line":22,"column":8},"end":{"line":24,"column":9}},"5":{"start":{"line":23,"column":12},"end":{"line":23,"column":null}},"6":{"start":{"line":25,"column":8},"end":{"line":25,"column":null}},"7":{"start":{"line":29,"column":8},"end":{"line":29,"column":null}},"8":{"start":{"line":8,"column":0},"end":{"line":8,"column":13}}},"fnMap":{"0":{"name":"(anonymous_0)","decl":{"start":{"line":9,"column":4},"end":{"line":9,"column":24}},"loc":{"start":{"line":9,"column":44},"end":{"line":11,"column":5}}},"1":{"name":"(anonymous_1)","decl":{"start":{"line":13,"column":4},"end":{"line":13,"column":8}},"loc":{"start":{"line":13,"column":13},"end":{"line":15,"column":5}}},"2":{"name":"(anonymous_2)","decl":{"start":{"line":17,"column":4},"end":{"line":17,"column":8}},"loc":{"start":{"line":17,"column":16},"end":{"line":19,"column":5}}},"3":{"name":"(anonymous_3)","decl":{"start":{"line":21,"column":11},"end":{"line":21,"column":17}},"loc":{"start":{"line":21,"column":41},"end":{"line":26,"column":5}}},"4":{"name":"(anonymous_4)","decl":{"start":{"line":28,"column":11},"end":{"line":28,"column":17}},"loc":{"start":{"line":28,"column":53},"end":{"line":30,"column":5}}}},"branchMap":{"0":{"loc":{"start":{"line":22,"column":8},"end":{"line":24,"column":9}},"type":"if","locations":[{"start":{"line":22,"column":8},"end":{"line":24,"column":9}},{"start":{},"end":{}}]},"1":{"loc":{"start":{"line":22,"column":11},"end":{"line":22,"column":52}},"type":"binary-expr","locations":[{"start":{"line":22,"column":11},"end":{"line":22,"column":20}},{"start":{"line":22,"column":24},"end":{"line":22,"column":52}}]}},"s":{"0":6,"1":55,"2":19,"3":12,"4":36,"5":5,"6":31,"7":24,"8":6},"f":{"0":55,"1":19,"2":12,"3":36,"4":24},"b":{"0":[5,31],"1":[36,32]}}
,"/home/antares/Documents/proj/CoodsTA/src/module/domain/authentication/vo/UserName.ts": {"path":"/home/antares/Documents/proj/CoodsTA/src/module/domain/authentication/vo/UserName.ts","statementMap":{"0":{"start":{"line":1,"column":0},"end":{"line":1,"column":66}},"1":{"start":{"line":9,"column":8},"end":{"line":9,"column":21}},"2":{"start":{"line":13,"column":8},"end":{"line":13,"column":32}},"3":{"start":{"line":17,"column":8},"end":{"line":19,"column":9}},"4":{"start":{"line":18,"column":12},"end":{"line":18,"column":67}},"5":{"start":{"line":20,"column":8},"end":{"line":22,"column":9}},"6":{"start":{"line":21,"column":12},"end":{"line":21,"column":85}},"7":{"start":{"line":23,"column":8},"end":{"line":25,"column":9}},"8":{"start":{"line":24,"column":12},"end":{"line":24,"column":86}},"9":{"start":{"line":26,"column":8},"end":{"line":26,"column":52}},"10":{"start":{"line":7,"column":0},"end":{"line":7,"column":13}}},"fnMap":{"0":{"name":"(anonymous_0)","decl":{"start":{"line":8,"column":4},"end":{"line":8,"column":24}},"loc":{"start":{"line":8,"column":44},"end":{"line":10,"column":5}}},"1":{"name":"(anonymous_1)","decl":{"start":{"line":12,"column":4},"end":{"line":12,"column":8}},"loc":{"start":{"line":12,"column":13},"end":{"line":14,"column":5}}},"2":{"name":"(anonymous_2)","decl":{"start":{"line":16,"column":11},"end":{"line":16,"column":17}},"loc":{"start":{"line":16,"column":37},"end":{"line":27,"column":5}}}},"branchMap":{"0":{"loc":{"start":{"line":17,"column":8},"end":{"line":19,"column":9}},"type":"if","locations":[{"start":{"line":17,"column":8},"end":{"line":19,"column":9}},{"start":{},"end":{}}]},"1":{"loc":{"start":{"line":17,"column":12},"end":{"line":17,"column":45}},"type":"binary-expr","locations":[{"start":{"line":17,"column":12},"end":{"line":17,"column":17}},{"start":{"line":17,"column":21},"end":{"line":17,"column":45}}]},"2":{"loc":{"start":{"line":20,"column":8},"end":{"line":22,"column":9}},"type":"if","locations":[{"start":{"line":20,"column":8},"end":{"line":22,"column":9}},{"start":{},"end":{}}]},"3":{"loc":{"start":{"line":23,"column":8},"end":{"line":25,"column":9}},"type":"if","locations":[{"start":{"line":23,"column":8},"end":{"line":25,"column":9}},{"start":{},"end":{}}]}},"s":{"0":6,"1":54,"2":25,"3":63,"4":5,"5":58,"6":3,"7":55,"8":1,"9":54,"10":6},"f":{"0":54,"1":25,"2":63},"b":{"0":[5,58],"1":[63,59],"2":[3,55],"3":[1,54]}}
,"/home/antares/Documents/proj/CoodsTA/src/module/domain/authentication/vo/UserRole.ts": {"path":"/home/antares/Documents/proj/CoodsTA/src/module/domain/authentication/vo/UserRole.ts","statementMap":{"0":{"start":{"line":1,"column":0},"end":{"line":1,"column":66}},"1":{"start":{"line":11,"column":8},"end":{"line":11,"column":null}},"2":{"start":{"line":15,"column":8},"end":{"line":15,"column":null}},"3":{"start":{"line":19,"column":8},"end":{"line":19,"column":44}},"4":{"start":{"line":23,"column":8},"end":{"line":23,"column":43}},"5":{"start":{"line":27,"column":39},"end":{"line":27,"column":56}},"6":{"start":{"line":28,"column":26},"end":{"line":28,"column":56}},"7":{"start":{"line":30,"column":8},"end":{"line":32,"column":9}},"8":{"start":{"line":31,"column":12},"end":{"line":31,"column":null}},"9":{"start":{"line":33,"column":8},"end":{"line":35,"column":null}},"10":{"start":{"line":39,"column":8},"end":{"line":39,"column":47}},"11":{"start":{"line":43,"column":8},"end":{"line":43,"column":48}},"12":{"start":{"line":9,"column":0},"end":{"line":9,"column":13}}},"fnMap":{"0":{"name":"(anonymous_0)","decl":{"start":{"line":10,"column":4},"end":{"line":10,"column":24}},"loc":{"start":{"line":10,"column":40},"end":{"line":12,"column":5}}},"1":{"name":"(anonymous_1)","decl":{"start":{"line":14,"column":4},"end":{"line":14,"column":8}},"loc":{"start":{"line":14,"column":13},"end":{"line":16,"column":5}}},"2":{"name":"(anonymous_2)","decl":{"start":{"line":18,"column":11},"end":{"line":18,"column":18}},"loc":{"start":{"line":18,"column":18},"end":{"line":20,"column":5}}},"3":{"name":"(anonymous_3)","decl":{"start":{"line":22,"column":11},"end":{"line":22,"column":17}},"loc":{"start":{"line":22,"column":17},"end":{"line":24,"column":5}}},"4":{"name":"(anonymous_4)","decl":{"start":{"line":26,"column":11},"end":{"line":26,"column":17}},"loc":{"start":{"line":26,"column":37},"end":{"line":36,"column":5}}},"5":{"name":"(anonymous_5)","decl":{"start":{"line":38,"column":11},"end":{"line":38,"column":17}},"loc":{"start":{"line":38,"column":22},"end":{"line":40,"column":5}}},"6":{"name":"(anonymous_6)","decl":{"start":{"line":42,"column":11},"end":{"line":42,"column":17}},"loc":{"start":{"line":42,"column":23},"end":{"line":44,"column":5}}}},"branchMap":{"0":{"loc":{"start":{"line":30,"column":8},"end":{"line":32,"column":9}},"type":"if","locations":[{"start":{"line":30,"column":8},"end":{"line":32,"column":9}},{"start":{},"end":{}}]}},"s":{"0":6,"1":58,"2":27,"3":4,"4":4,"5":55,"6":55,"7":55,"8":4,"9":51,"10":3,"11":4,"12":6},"f":{"0":58,"1":27,"2":4,"3":4,"4":55,"5":3,"6":4},"b":{"0":[4,51]}}
,"/home/antares/Documents/proj/CoodsTA/src/module/domain/model/Model.ts": {"path":"/home/antares/Documents/proj/CoodsTA/src/module/domain/model/Model.ts","statementMap":{"0":{"start":{"line":1,"column":0},"end":{"line":1,"column":53}},"1":{"start":{"line":2,"column":0},"end":{"line":2,"column":43}},"2":{"start":{"line":3,"column":0},"end":{"line":3,"column":47}},"3":{"start":{"line":4,"column":0},"end":{"line":4,"column":41}},"4":{"start":{"line":28,"column":8},"end":{"line":28,"column":25}},"5":{"start":{"line":32,"column":8},"end":{"line":32,"column":24}},"6":{"start":{"line":36,"column":8},"end":{"line":36,"column":43}},"7":{"start":{"line":40,"column":8},"end":{"line":40,"column":37}},"8":{"start":{"line":44,"column":8},"end":{"line":44,"column":34}},"9":{"start":{"line":48,"column":8},"end":{"line":48,"column":36}},"10":{"start":{"line":52,"column":8},"end":{"line":52,"column":41}},"11":{"start":{"line":56,"column":8},"end":{"line":56,"column":35}},"12":{"start":{"line":60,"column":8},"end":{"line":60,"column":42}},"13":{"start":{"line":64,"column":8},"end":{"line":64,"column":37}},"14":{"start":{"line":68,"column":8},"end":{"line":68,"column":42}},"15":{"start":{"line":72,"column":8},"end":{"line":72,"column":36}},"16":{"start":{"line":76,"column":8},"end":{"line":76,"column":47}},"17":{"start":{"line":80,"column":8},"end":{"line":82,"column":9}},"18":{"start":{"line":81,"column":12},"end":{"line":81,"column":60}},"19":{"start":{"line":83,"column":8},"end":{"line":85,"column":9}},"20":{"start":{"line":84,"column":12},"end":{"line":84,"column":67}},"21":{"start":{"line":86,"column":8},"end":{"line":88,"column":9}},"22":{"start":{"line":87,"column":12},"end":{"line":87,"column":69}},"23":{"start":{"line":90,"column":26},"end":{"line":90,"column":60}},"24":{"start":{"line":91,"column":25},"end":{"line":91,"column":56}},"25":{"start":{"line":92,"column":25},"end":{"line":92,"column":60}},"26":{"start":{"line":94,"column":8},"end":{"line":102,"column":11}},"27":{"start":{"line":106,"column":8},"end":{"line":106,"column":46}},"28":{"start":{"line":26,"column":0},"end":{"line":26,"column":13}}},"fnMap":{"0":{"name":"(anonymous_0)","decl":{"start":{"line":27,"column":4},"end":{"line":27,"column":16}},"loc":{"start":{"line":27,"column":49},"end":{"line":29,"column":5}}},"1":{"name":"(anonymous_1)","decl":{"start":{"line":31,"column":4},"end":{"line":31,"column":8}},"loc":{"start":{"line":31,"column":10},"end":{"line":33,"column":5}}},"2":{"name":"(anonymous_2)","decl":{"start":{"line":35,"column":4},"end":{"line":35,"column":8}},"loc":{"start":{"line":35,"column":17},"end":{"line":37,"column":5}}},"3":{"name":"(anonymous_3)","decl":{"start":{"line":39,"column":4},"end":{"line":39,"column":8}},"loc":{"start":{"line":39,"column":19},"end":{"line":41,"column":5}}},"4":{"name":"(anonymous_4)","decl":{"start":{"line":43,"column":4},"end":{"line":43,"column":8}},"loc":{"start":{"line":43,"column":15},"end":{"line":45,"column":5}}},"5":{"name":"(anonymous_5)","decl":{"start":{"line":47,"column":4},"end":{"line":47,"column":8}},"loc":{"start":{"line":47,"column":16},"end":{"line":49,"column":5}}},"6":{"name":"(anonymous_6)","decl":{"start":{"line":51,"column":4},"end":{"line":51,"column":8}},"loc":{"start":{"line":51,"column":16},"end":{"line":53,"column":5}}},"7":{"name":"(anonymous_7)","decl":{"start":{"line":55,"column":4},"end":{"line":55,"column":8}},"loc":{"start":{"line":55,"column":18},"end":{"line":57,"column":5}}},"8":{"name":"(anonymous_8)","decl":{"start":{"line":59,"column":4},"end":{"line":59,"column":8}},"loc":{"start":{"line":59,"column":22},"end":{"line":61,"column":5}}},"9":{"name":"(anonymous_9)","decl":{"start":{"line":63,"column":4},"end":{"line":63,"column":8}},"loc":{"start":{"line":63,"column":17},"end":{"line":65,"column":5}}},"10":{"name":"(anonymous_10)","decl":{"start":{"line":67,"column":4},"end":{"line":67,"column":8}},"loc":{"start":{"line":67,"column":16},"end":{"line":69,"column":5}}},"11":{"name":"(anonymous_11)","decl":{"start":{"line":71,"column":4},"end":{"line":71,"column":8}},"loc":{"start":{"line":71,"column":18},"end":{"line":73,"column":5}}},"12":{"name":"(anonymous_12)","decl":{"start":{"line":75,"column":11},"end":{"line":75,"column":24}},"loc":{"start":{"line":75,"column":24},"end":{"line":77,"column":5}}},"13":{"name":"(anonymous_13)","decl":{"start":{"line":79,"column":4},"end":{"line":79,"column":10}},"loc":{"start":{"line":79,"column":53},"end":{"line":103,"column":5}}},"14":{"name":"(anonymous_14)","decl":{"start":{"line":105,"column":4},"end":{"line":105,"column":10}},"loc":{"start":{"line":105,"column":62},"end":{"line":107,"column":5}}}},"branchMap":{"0":{"loc":{"start":{"line":80,"column":8},"end":{"line":82,"column":9}},"type":"if","locations":[{"start":{"line":80,"column":8},"end":{"line":82,"column":9}},{"start":{},"end":{}}]},"1":{"loc":{"start":{"line":83,"column":8},"end":{"line":85,"column":9}},"type":"if","locations":[{"start":{"line":83,"column":8},"end":{"line":85,"column":9}},{"start":{},"end":{}}]},"2":{"loc":{"start":{"line":83,"column":12},"end":{"line":83,"column":63}},"type":"binary-expr","locations":[{"start":{"line":83,"column":12},"end":{"line":83,"column":26}},{"start":{"line":83,"column":30},"end":{"line":83,"column":63}}]},"3":{"loc":{"start":{"line":86,"column":8},"end":{"line":88,"column":9}},"type":"if","locations":[{"start":{"line":86,"column":8},"end":{"line":88,"column":9}},{"start":{},"end":{}}]},"4":{"loc":{"start":{"line":86,"column":12},"end":{"line":86,"column":67}},"type":"binary-expr","locations":[{"start":{"line":86,"column":12},"end":{"line":86,"column":28}},{"start":{"line":86,"column":32},"end":{"line":86,"column":67}}]}},"s":{"0":3,"1":3,"2":3,"3":3,"4":33,"5":15,"6":15,"7":2,"8":14,"9":13,"10":13,"11":2,"12":11,"13":10,"14":15,"15":2,"16":2,"17":45,"18":3,"19":42,"20":3,"21":39,"22":3,"23":36,"24":35,"25":34,"26":33,"27":7,"28":3},"f":{"0":33,"1":15,"2":15,"3":2,"4":14,"5":13,"6":13,"7":2,"8":11,"9":10,"10":15,"11":2,"12":2,"13":45,"14":7},"b":{"0":[3,42],"1":[3,39],"2":[42,40],"3":[3,36],"4":[39,37]}}
,"/home/antares/Documents/proj/CoodsTA/src/module/domain/model/mapper/ModelMapper.ts": {"path":"/home/antares/Documents/proj/CoodsTA/src/module/domain/model/mapper/ModelMapper.ts","statementMap":{"0":{"start":{"line":1,"column":0},"end":{"line":1,"column":33}},"1":{"start":{"line":28,"column":8},"end":{"line":36,"column":11}},"2":{"start":{"line":40,"column":8},"end":{"line":49,"column":10}},"3":{"start":{"line":53,"column":8},"end":{"line":60,"column":10}},"4":{"start":{"line":64,"column":8},"end":{"line":73,"column":10}},"5":{"start":{"line":77,"column":8},"end":{"line":77,"column":56}},"6":{"start":{"line":77,"column":36},"end":{"line":77,"column":54}},"7":{"start":{"line":81,"column":8},"end":{"line":81,"column":54}},"8":{"start":{"line":81,"column":35},"end":{"line":81,"column":52}},"9":{"start":{"line":26,"column":0},"end":{"line":26,"column":13}}},"fnMap":{"0":{"name":"(anonymous_0)","decl":{"start":{"line":27,"column":11},"end":{"line":27,"column":17}},"loc":{"start":{"line":27,"column":42},"end":{"line":37,"column":5}}},"1":{"name":"(anonymous_1)","decl":{"start":{"line":39,"column":11},"end":{"line":39,"column":17}},"loc":{"start":{"line":39,"column":44},"end":{"line":50,"column":5}}},"2":{"name":"(anonymous_2)","decl":{"start":{"line":52,"column":11},"end":{"line":52,"column":17}},"loc":{"start":{"line":52,"column":50},"end":{"line":61,"column":5}}},"3":{"name":"(anonymous_3)","decl":{"start":{"line":63,"column":11},"end":{"line":63,"column":17}},"loc":{"start":{"line":63,"column":36},"end":{"line":74,"column":5}}},"4":{"name":"(anonymous_4)","decl":{"start":{"line":76,"column":11},"end":{"line":76,"column":17}},"loc":{"start":{"line":76,"column":54},"end":{"line":78,"column":5}}},"5":{"name":"(anonymous_5)","decl":{"start":{"line":77,"column":29},"end":{"line":77,"column":32}},"loc":{"start":{"line":77,"column":36},"end":{"line":77,"column":54}}},"6":{"name":"(anonymous_6)","decl":{"start":{"line":80,"column":11},"end":{"line":80,"column":17}},"loc":{"start":{"line":80,"column":43},"end":{"line":82,"column":5}}},"7":{"name":"(anonymous_7)","decl":{"start":{"line":81,"column":26},"end":{"line":81,"column":31}},"loc":{"start":{"line":81,"column":35},"end":{"line":81,"column":52}}}},"branchMap":{},"s":{"0":2,"1":3,"2":1,"3":1,"4":7,"5":2,"6":2,"7":2,"8":2,"9":2},"f":{"0":3,"1":1,"2":1,"3":7,"4":2,"5":2,"6":2,"7":2},"b":{}}
,"/home/antares/Documents/proj/CoodsTA/src/module/domain/model/vo/Accuracy.ts": {"path":"/home/antares/Documents/proj/CoodsTA/src/module/domain/model/vo/Accuracy.ts","statementMap":{"0":{"start":{"line":1,"column":0},"end":{"line":1,"column":66}},"1":{"start":{"line":11,"column":8},"end":{"line":11,"column":21}},"2":{"start":{"line":15,"column":8},"end":{"line":15,"column":32}},"3":{"start":{"line":19,"column":8},"end":{"line":19,"column":38}},"4":{"start":{"line":23,"column":8},"end":{"line":23,"column":63}},"5":{"start":{"line":27,"column":8},"end":{"line":27,"column":37}},"6":{"start":{"line":31,"column":8},"end":{"line":33,"column":9}},"7":{"start":{"line":32,"column":12},"end":{"line":32,"column":108}},"8":{"start":{"line":34,"column":8},"end":{"line":36,"column":9}},"9":{"start":{"line":35,"column":12},"end":{"line":35,"column":83}},"10":{"start":{"line":37,"column":8},"end":{"line":37,"column":49}},"11":{"start":{"line":9,"column":0},"end":{"line":9,"column":13}}},"fnMap":{"0":{"name":"(anonymous_0)","decl":{"start":{"line":10,"column":4},"end":{"line":10,"column":24}},"loc":{"start":{"line":10,"column":44},"end":{"line":12,"column":5}}},"1":{"name":"(anonymous_1)","decl":{"start":{"line":14,"column":4},"end":{"line":14,"column":8}},"loc":{"start":{"line":14,"column":13},"end":{"line":16,"column":5}}},"2":{"name":"(anonymous_2)","decl":{"start":{"line":18,"column":11},"end":{"line":18,"column":25}},"loc":{"start":{"line":18,"column":25},"end":{"line":20,"column":5}}},"3":{"name":"(anonymous_3)","decl":{"start":{"line":22,"column":11},"end":{"line":22,"column":27}},"loc":{"start":{"line":22,"column":27},"end":{"line":24,"column":5}}},"4":{"name":"(anonymous_4)","decl":{"start":{"line":26,"column":11},"end":{"line":26,"column":24}},"loc":{"start":{"line":26,"column":24},"end":{"line":28,"column":5}}},"5":{"name":"(anonymous_5)","decl":{"start":{"line":30,"column":11},"end":{"line":30,"column":17}},"loc":{"start":{"line":30,"column":41},"end":{"line":38,"column":5}}}},"branchMap":{"0":{"loc":{"start":{"line":23,"column":15},"end":{"line":23,"column":62}},"type":"binary-expr","locations":[{"start":{"line":23,"column":15},"end":{"line":23,"column":37}},{"start":{"line":23,"column":41},"end":{"line":23,"column":62}}]},"1":{"loc":{"start":{"line":31,"column":8},"end":{"line":33,"column":9}},"type":"if","locations":[{"start":{"line":31,"column":8},"end":{"line":33,"column":9}},{"start":{},"end":{}}]},"2":{"loc":{"start":{"line":31,"column":12},"end":{"line":31,"column":42}},"type":"binary-expr","locations":[{"start":{"line":31,"column":12},"end":{"line":31,"column":24}},{"start":{"line":31,"column":28},"end":{"line":31,"column":42}}]},"3":{"loc":{"start":{"line":34,"column":8},"end":{"line":36,"column":9}},"type":"if","locations":[{"start":{"line":34,"column":8},"end":{"line":36,"column":9}},{"start":{},"end":{}}]}},"s":{"0":4,"1":62,"2":19,"3":7,"4":7,"5":6,"6":68,"7":5,"8":63,"9":1,"10":62,"11":4},"f":{"0":62,"1":19,"2":7,"3":7,"4":6,"5":68},"b":{"0":[7,5],"1":[5,63],"2":[68,66],"3":[1,62]}}
,"/home/antares/Documents/proj/CoodsTA/src/module/domain/model/vo/ModelStatus.ts": {"path":"/home/antares/Documents/proj/CoodsTA/src/module/domain/model/vo/ModelStatus.ts","statementMap":{"0":{"start":{"line":1,"column":0},"end":{"line":1,"column":66}},"1":{"start":{"line":11,"column":8},"end":{"line":11,"column":21}},"2":{"start":{"line":15,"column":8},"end":{"line":15,"column":32}},"3":{"start":{"line":19,"column":8},"end":{"line":19,"column":45}},"4":{"start":{"line":23,"column":8},"end":{"line":23,"column":50}},"5":{"start":{"line":27,"column":50},"end":{"line":27,"column":75}},"6":{"start":{"line":28,"column":28},"end":{"line":28,"column":68}},"7":{"start":{"line":30,"column":8},"end":{"line":32,"column":9}},"8":{"start":{"line":31,"column":12},"end":{"line":31,"column":101}},"9":{"start":{"line":33,"column":8},"end":{"line":33,"column":55}},"10":{"start":{"line":37,"column":8},"end":{"line":37,"column":52}},"11":{"start":{"line":41,"column":8},"end":{"line":41,"column":57}},"12":{"start":{"line":9,"column":0},"end":{"line":9,"column":13}}},"fnMap":{"0":{"name":"(anonymous_0)","decl":{"start":{"line":10,"column":4},"end":{"line":10,"column":24}},"loc":{"start":{"line":10,"column":47},"end":{"line":12,"column":5}}},"1":{"name":"(anonymous_1)","decl":{"start":{"line":14,"column":4},"end":{"line":14,"column":8}},"loc":{"start":{"line":14,"column":13},"end":{"line":16,"column":5}}},"2":{"name":"(anonymous_2)","decl":{"start":{"line":18,"column":11},"end":{"line":18,"column":19}},"loc":{"start":{"line":18,"column":19},"end":{"line":20,"column":5}}},"3":{"name":"(anonymous_3)","decl":{"start":{"line":22,"column":11},"end":{"line":22,"column":24}},"loc":{"start":{"line":22,"column":24},"end":{"line":24,"column":5}}},"4":{"name":"(anonymous_4)","decl":{"start":{"line":26,"column":11},"end":{"line":26,"column":17}},"loc":{"start":{"line":26,"column":39},"end":{"line":34,"column":5}}},"5":{"name":"(anonymous_5)","decl":{"start":{"line":36,"column":11},"end":{"line":36,"column":17}},"loc":{"start":{"line":36,"column":24},"end":{"line":38,"column":5}}},"6":{"name":"(anonymous_6)","decl":{"start":{"line":40,"column":11},"end":{"line":40,"column":17}},"loc":{"start":{"line":40,"column":29},"end":{"line":42,"column":5}}}},"branchMap":{"0":{"loc":{"start":{"line":30,"column":8},"end":{"line":32,"column":9}},"type":"if","locations":[{"start":{"line":30,"column":8},"end":{"line":32,"column":9}},{"start":{},"end":{}}]}},"s":{"0":4,"1":57,"2":24,"3":7,"4":4,"5":54,"6":54,"7":54,"8":4,"9":50,"10":4,"11":3,"12":4},"f":{"0":57,"1":24,"2":7,"3":4,"4":54,"5":4,"6":3},"b":{"0":[4,50]}}
,"/home/antares/Documents/proj/CoodsTA/src/module/domain/model/vo/ModelType.ts": {"path":"/home/antares/Documents/proj/CoodsTA/src/module/domain/model/vo/ModelType.ts","statementMap":{"0":{"start":{"line":1,"column":0},"end":{"line":1,"column":66}},"1":{"start":{"line":11,"column":8},"end":{"line":11,"column":21}},"2":{"start":{"line":15,"column":8},"end":{"line":15,"column":32}},"3":{"start":{"line":19,"column":8},"end":{"line":19,"column":47}},"4":{"start":{"line":23,"column":8},"end":{"line":23,"column":52}},"5":{"start":{"line":27,"column":45},"end":{"line":27,"column":74}},"6":{"start":{"line":28,"column":26},"end":{"line":28,"column":62}},"7":{"start":{"line":30,"column":8},"end":{"line":32,"column":9}},"8":{"start":{"line":31,"column":12},"end":{"line":31,"column":107}},"9":{"start":{"line":33,"column":8},"end":{"line":33,"column":51}},"10":{"start":{"line":37,"column":8},"end":{"line":37,"column":52}},"11":{"start":{"line":41,"column":8},"end":{"line":41,"column":57}},"12":{"start":{"line":9,"column":0},"end":{"line":9,"column":13}}},"fnMap":{"0":{"name":"(anonymous_0)","decl":{"start":{"line":10,"column":4},"end":{"line":10,"column":24}},"loc":{"start":{"line":10,"column":45},"end":{"line":12,"column":5}}},"1":{"name":"(anonymous_1)","decl":{"start":{"line":14,"column":4},"end":{"line":14,"column":8}},"loc":{"start":{"line":14,"column":13},"end":{"line":16,"column":5}}},"2":{"name":"(anonymous_2)","decl":{"start":{"line":18,"column":11},"end":{"line":18,"column":21}},"loc":{"start":{"line":18,"column":21},"end":{"line":20,"column":5}}},"3":{"name":"(anonymous_3)","decl":{"start":{"line":22,"column":11},"end":{"line":22,"column":26}},"loc":{"start":{"line":22,"column":26},"end":{"line":24,"column":5}}},"4":{"name":"(anonymous_4)","decl":{"start":{"line":26,"column":11},"end":{"line":26,"column":17}},"loc":{"start":{"line":26,"column":37},"end":{"line":34,"column":5}}},"5":{"name":"(anonymous_5)","decl":{"start":{"line":36,"column":11},"end":{"line":36,"column":17}},"loc":{"start":{"line":36,"column":26},"end":{"line":38,"column":5}}},"6":{"name":"(anonymous_6)","decl":{"start":{"line":40,"column":11},"end":{"line":40,"column":17}},"loc":{"start":{"line":40,"column":31},"end":{"line":42,"column":5}}}},"branchMap":{"0":{"loc":{"start":{"line":30,"column":8},"end":{"line":32,"column":9}},"type":"if","locations":[{"start":{"line":30,"column":8},"end":{"line":32,"column":9}},{"start":{},"end":{}}]}},"s":{"0":4,"1":59,"2":24,"3":5,"4":4,"5":56,"6":56,"7":56,"8":4,"9":52,"10":4,"11":3,"12":4},"f":{"0":59,"1":24,"2":5,"3":4,"4":56,"5":4,"6":3},"b":{"0":[4,52]}}
,"/home/antares/Documents/proj/CoodsTA/src/module/domain/product/Product.ts": {"path":"/home/antares/Documents/proj/CoodsTA/src/module/domain/product/Product.ts","statementMap":{"0":{"start":{"line":1,"column":0},"end":{"line":1,"column":53}},"1":{"start":{"line":2,"column":0},"end":{"line":2,"column":41}},"2":{"start":{"line":26,"column":8},"end":{"line":26,"column":null}},"3":{"start":{"line":30,"column":8},"end":{"line":30,"column":null}},"4":{"start":{"line":34,"column":8},"end":{"line":34,"column":null}},"5":{"start":{"line":38,"column":8},"end":{"line":38,"column":null}},"6":{"start":{"line":42,"column":8},"end":{"line":42,"column":null}},"7":{"start":{"line":46,"column":8},"end":{"line":46,"column":null}},"8":{"start":{"line":50,"column":8},"end":{"line":50,"column":null}},"9":{"start":{"line":54,"column":8},"end":{"line":54,"column":null}},"10":{"start":{"line":58,"column":8},"end":{"line":58,"column":null}},"11":{"start":{"line":62,"column":8},"end":{"line":62,"column":null}},"12":{"start":{"line":66,"column":8},"end":{"line":68,"column":9}},"13":{"start":{"line":67,"column":12},"end":{"line":67,"column":null}},"14":{"start":{"line":69,"column":8},"end":{"line":71,"column":9}},"15":{"start":{"line":70,"column":12},"end":{"line":70,"column":null}},"16":{"start":{"line":72,"column":8},"end":{"line":74,"column":9}},"17":{"start":{"line":73,"column":12},"end":{"line":73,"column":null}},"18":{"start":{"line":75,"column":25},"end":{"line":75,"column":56}},"19":{"start":{"line":77,"column":8},"end":{"line":85,"column":null}},"20":{"start":{"line":89,"column":8},"end":{"line":89,"column":null}},"21":{"start":{"line":24,"column":0},"end":{"line":24,"column":13}}},"fnMap":{"0":{"name":"(anonymous_0)","decl":{"start":{"line":25,"column":4},"end":{"line":25,"column":16}},"loc":{"start":{"line":25,"column":51},"end":{"line":27,"column":5}}},"1":{"name":"(anonymous_1)","decl":{"start":{"line":29,"column":4},"end":{"line":29,"column":8}},"loc":{"start":{"line":29,"column":10},"end":{"line":31,"column":5}}},"2":{"name":"(anonymous_2)","decl":{"start":{"line":33,"column":4},"end":{"line":33,"column":8}},"loc":{"start":{"line":33,"column":12},"end":{"line":35,"column":5}}},"3":{"name":"(anonymous_3)","decl":{"start":{"line":37,"column":4},"end":{"line":37,"column":8}},"loc":{"start":{"line":37,"column":16},"end":{"line":39,"column":5}}},"4":{"name":"(anonymous_4)","decl":{"start":{"line":41,"column":4},"end":{"line":41,"column":8}},"loc":{"start":{"line":41,"column":18},"end":{"line":43,"column":5}}},"5":{"name":"(anonymous_5)","decl":{"start":{"line":45,"column":4},"end":{"line":45,"column":8}},"loc":{"start":{"line":45,"column":17},"end":{"line":47,"column":5}}},"6":{"name":"(anonymous_6)","decl":{"start":{"line":49,"column":4},"end":{"line":49,"column":8}},"loc":{"start":{"line":49,"column":16},"end":{"line":51,"column":5}}},"7":{"name":"(anonymous_7)","decl":{"start":{"line":53,"column":4},"end":{"line":53,"column":8}},"loc":{"start":{"line":53,"column":17},"end":{"line":55,"column":5}}},"8":{"name":"(anonymous_8)","decl":{"start":{"line":57,"column":4},"end":{"line":57,"column":8}},"loc":{"start":{"line":57,"column":19},"end":{"line":59,"column":5}}},"9":{"name":"(anonymous_9)","decl":{"start":{"line":61,"column":4},"end":{"line":61,"column":8}},"loc":{"start":{"line":61,"column":17},"end":{"line":63,"column":5}}},"10":{"name":"(anonymous_10)","decl":{"start":{"line":65,"column":4},"end":{"line":65,"column":10}},"loc":{"start":{"line":65,"column":55},"end":{"line":86,"column":5}}},"11":{"name":"(anonymous_11)","decl":{"start":{"line":88,"column":4},"end":{"line":88,"column":10}},"loc":{"start":{"line":88,"column":64},"end":{"line":90,"column":5}}}},"branchMap":{"0":{"loc":{"start":{"line":66,"column":8},"end":{"line":68,"column":9}},"type":"if","locations":[{"start":{"line":66,"column":8},"end":{"line":68,"column":9}},{"start":{},"end":{}}]},"1":{"loc":{"start":{"line":69,"column":8},"end":{"line":71,"column":9}},"type":"if","locations":[{"start":{"line":69,"column":8},"end":{"line":71,"column":9}},{"start":{},"end":{}}]},"2":{"loc":{"start":{"line":69,"column":11},"end":{"line":69,"column":92}},"type":"binary-expr","locations":[{"start":{"line":69,"column":11},"end":{"line":69,"column":35}},{"start":{"line":69,"column":39},"end":{"line":69,"column":58}},{"start":{"line":69,"column":62},"end":{"line":69,"column":92}}]},"3":{"loc":{"start":{"line":72,"column":8},"end":{"line":74,"column":9}},"type":"if","locations":[{"start":{"line":72,"column":8},"end":{"line":74,"column":9}},{"start":{},"end":{}}]},"4":{"loc":{"start":{"line":72,"column":11},"end":{"line":72,"column":66}},"type":"binary-expr","locations":[{"start":{"line":72,"column":11},"end":{"line":72,"column":39}},{"start":{"line":72,"column":43},"end":{"line":72,"column":66}}]}},"s":{"0":4,"1":4,"2":34,"3":15,"4":15,"5":15,"6":2,"7":11,"8":15,"9":14,"10":14,"11":11,"12":45,"13":3,"14":42,"15":5,"16":37,"17":2,"18":35,"19":34,"20":12,"21":4},"f":{"0":34,"1":15,"2":15,"3":15,"4":2,"5":11,"6":15,"7":14,"8":14,"9":11,"10":45,"11":12},"b":{"0":[3,42],"1":[5,37],"2":[42,41,40],"3":[2,35],"4":[37,36]}}
,"/home/antares/Documents/proj/CoodsTA/src/module/domain/product/mapper/ProductMap.ts": {"path":"/home/antares/Documents/proj/CoodsTA/src/module/domain/product/mapper/ProductMap.ts","statementMap":{"0":{"start":{"line":1,"column":0},"end":{"line":1,"column":37}},"1":{"start":{"line":29,"column":8},"end":{"line":37,"column":null}},"2":{"start":{"line":41,"column":8},"end":{"line":50,"column":null}},"3":{"start":{"line":54,"column":8},"end":{"line":63,"column":10}},"4":{"start":{"line":67,"column":8},"end":{"line":76,"column":10}},"5":{"start":{"line":80,"column":8},"end":{"line":80,"column":57}},"6":{"start":{"line":80,"column":37},"end":{"line":80,"column":55}},"7":{"start":{"line":87,"column":8},"end":{"line":87,"column":59}},"8":{"start":{"line":87,"column":38},"end":{"line":87,"column":57}},"9":{"start":{"line":27,"column":0},"end":{"line":27,"column":13}}},"fnMap":{"0":{"name":"(anonymous_0)","decl":{"start":{"line":28,"column":11},"end":{"line":28,"column":17}},"loc":{"start":{"line":28,"column":44},"end":{"line":38,"column":5}}},"1":{"name":"(anonymous_1)","decl":{"start":{"line":40,"column":11},"end":{"line":40,"column":17}},"loc":{"start":{"line":40,"column":48},"end":{"line":51,"column":5}}},"2":{"name":"(anonymous_2)","decl":{"start":{"line":53,"column":11},"end":{"line":53,"column":17}},"loc":{"start":{"line":53,"column":54},"end":{"line":64,"column":5}}},"3":{"name":"(anonymous_3)","decl":{"start":{"line":66,"column":11},"end":{"line":66,"column":17}},"loc":{"start":{"line":66,"column":40},"end":{"line":77,"column":5}}},"4":{"name":"(anonymous_4)","decl":{"start":{"line":79,"column":11},"end":{"line":79,"column":17}},"loc":{"start":{"line":79,"column":57},"end":{"line":81,"column":5}}},"5":{"name":"(anonymous_5)","decl":{"start":{"line":80,"column":30},"end":{"line":80,"column":33}},"loc":{"start":{"line":80,"column":37},"end":{"line":80,"column":55}}},"6":{"name":"(anonymous_6)","decl":{"start":{"line":86,"column":11},"end":{"line":86,"column":17}},"loc":{"start":{"line":86,"column":46},"end":{"line":88,"column":5}}},"7":{"name":"(anonymous_7)","decl":{"start":{"line":87,"column":27},"end":{"line":87,"column":34}},"loc":{"start":{"line":87,"column":38},"end":{"line":87,"column":57}}}},"branchMap":{"0":{"loc":{"start":{"line":30,"column":18},"end":{"line":30,"column":32}},"type":"binary-expr","locations":[{"start":{"line":30,"column":18},"end":{"line":30,"column":26}},{"start":{"line":30,"column":30},"end":{"line":30,"column":32}}]},"1":{"loc":{"start":{"line":32,"column":23},"end":{"line":32,"column":41}},"type":"binary-expr","locations":[{"start":{"line":32,"column":23},"end":{"line":32,"column":35}},{"start":{"line":32,"column":39},"end":{"line":32,"column":41}}]},"2":{"loc":{"start":{"line":46,"column":23},"end":{"line":46,"column":48}},"type":"binary-expr","locations":[{"start":{"line":46,"column":23},"end":{"line":46,"column":40}},{"start":{"line":46,"column":44},"end":{"line":46,"column":48}}]},"3":{"loc":{"start":{"line":47,"column":25},"end":{"line":47,"column":52}},"type":"binary-expr","locations":[{"start":{"line":47,"column":25},"end":{"line":47,"column":44}},{"start":{"line":47,"column":48},"end":{"line":47,"column":52}}]},"4":{"loc":{"start":{"line":58,"column":23},"end":{"line":58,"column":48}},"type":"binary-expr","locations":[{"start":{"line":58,"column":23},"end":{"line":58,"column":40}},{"start":{"line":58,"column":44},"end":{"line":58,"column":48}}]},"5":{"loc":{"start":{"line":59,"column":25},"end":{"line":59,"column":52}},"type":"binary-expr","locations":[{"start":{"line":59,"column":25},"end":{"line":59,"column":44}},{"start":{"line":59,"column":48},"end":{"line":59,"column":52}}]}},"s":{"0":2,"1":7,"2":2,"3":1,"4":7,"5":2,"6":2,"7":2,"8":2,"9":2},"f":{"0":7,"1":2,"2":1,"3":7,"4":2,"5":2,"6":2,"7":2},"b":{"0":[7,1],"1":[7,1],"2":[2,1],"3":[2,1],"4":[1,0],"5":[1,0]}}
,"/home/antares/Documents/proj/CoodsTA/src/module/domain/product/vo/Category.ts": {"path":"/home/antares/Documents/proj/CoodsTA/src/module/domain/product/vo/Category.ts","statementMap":{"0":{"start":{"line":1,"column":0},"end":{"line":1,"column":66}},"1":{"start":{"line":11,"column":8},"end":{"line":11,"column":null}},"2":{"start":{"line":15,"column":8},"end":{"line":15,"column":null}},"3":{"start":{"line":19,"column":8},"end":{"line":19,"column":null}},"4":{"start":{"line":23,"column":8},"end":{"line":23,"column":null}},"5":{"start":{"line":27,"column":53},"end":{"line":27,"column":73}},"6":{"start":{"line":28,"column":30},"end":{"line":28,"column":75}},"7":{"start":{"line":30,"column":8},"end":{"line":32,"column":9}},"8":{"start":{"line":31,"column":12},"end":{"line":31,"column":null}},"9":{"start":{"line":33,"column":8},"end":{"line":35,"column":null}},"10":{"start":{"line":39,"column":8},"end":{"line":39,"column":null}},"11":{"start":{"line":43,"column":8},"end":{"line":43,"column":null}},"12":{"start":{"line":9,"column":0},"end":{"line":9,"column":13}}},"fnMap":{"0":{"name":"(anonymous_0)","decl":{"start":{"line":10,"column":4},"end":{"line":10,"column":24}},"loc":{"start":{"line":10,"column":43},"end":{"line":12,"column":5}}},"1":{"name":"(anonymous_1)","decl":{"start":{"line":14,"column":4},"end":{"line":14,"column":8}},"loc":{"start":{"line":14,"column":13},"end":{"line":16,"column":5}}},"2":{"name":"(anonymous_2)","decl":{"start":{"line":18,"column":11},"end":{"line":18,"column":19}},"loc":{"start":{"line":18,"column":19},"end":{"line":20,"column":5}}},"3":{"name":"(anonymous_3)","decl":{"start":{"line":22,"column":11},"end":{"line":22,"column":19}},"loc":{"start":{"line":22,"column":19},"end":{"line":24,"column":5}}},"4":{"name":"(anonymous_4)","decl":{"start":{"line":26,"column":11},"end":{"line":26,"column":17}},"loc":{"start":{"line":26,"column":41},"end":{"line":36,"column":5}}},"5":{"name":"(anonymous_5)","decl":{"start":{"line":38,"column":11},"end":{"line":38,"column":17}},"loc":{"start":{"line":38,"column":24},"end":{"line":40,"column":5}}},"6":{"name":"(anonymous_6)","decl":{"start":{"line":42,"column":11},"end":{"line":42,"column":17}},"loc":{"start":{"line":42,"column":24},"end":{"line":44,"column":5}}}},"branchMap":{"0":{"loc":{"start":{"line":30,"column":8},"end":{"line":32,"column":9}},"type":"if","locations":[{"start":{"line":30,"column":8},"end":{"line":32,"column":9}},{"start":{},"end":{}}]}},"s":{"0":5,"1":58,"2":24,"3":5,"4":4,"5":55,"6":55,"7":55,"8":4,"9":51,"10":4,"11":3,"12":5},"f":{"0":58,"1":24,"2":5,"3":4,"4":55,"5":4,"6":3},"b":{"0":[4,51]}}
,"/home/antares/Documents/proj/CoodsTA/src/module/domain/report/Report.ts": {"path":"/home/antares/Documents/proj/CoodsTA/src/module/domain/report/Report.ts","statementMap":{"0":{"start":{"line":1,"column":0},"end":{"line":1,"column":53}},"1":{"start":{"line":2,"column":0},"end":{"line":2,"column":55}},"2":{"start":{"line":3,"column":0},"end":{"line":3,"column":55}},"3":{"start":{"line":42,"column":8},"end":{"line":42,"column":null}},"4":{"start":{"line":46,"column":8},"end":{"line":46,"column":null}},"5":{"start":{"line":50,"column":8},"end":{"line":50,"column":null}},"6":{"start":{"line":54,"column":8},"end":{"line":54,"column":null}},"7":{"start":{"line":58,"column":8},"end":{"line":58,"column":null}},"8":{"start":{"line":62,"column":8},"end":{"line":62,"column":null}},"9":{"start":{"line":66,"column":8},"end":{"line":66,"column":null}},"10":{"start":{"line":70,"column":8},"end":{"line":70,"column":null}},"11":{"start":{"line":74,"column":8},"end":{"line":74,"column":null}},"12":{"start":{"line":78,"column":8},"end":{"line":78,"column":null}},"13":{"start":{"line":82,"column":8},"end":{"line":82,"column":null}},"14":{"start":{"line":86,"column":8},"end":{"line":86,"column":null}},"15":{"start":{"line":90,"column":8},"end":{"line":90,"column":null}},"16":{"start":{"line":94,"column":8},"end":{"line":96,"column":9}},"17":{"start":{"line":95,"column":12},"end":{"line":95,"column":null}},"18":{"start":{"line":98,"column":35},"end":{"line":98,"column":81}},"19":{"start":{"line":99,"column":32},"end":{"line":99,"column":78}},"20":{"start":{"line":101,"column":8},"end":{"line":110,"column":null}},"21":{"start":{"line":114,"column":8},"end":{"line":114,"column":null}},"22":{"start":{"line":40,"column":0},"end":{"line":40,"column":13}}},"fnMap":{"0":{"name":"(anonymous_0)","decl":{"start":{"line":41,"column":4},"end":{"line":41,"column":16}},"loc":{"start":{"line":41,"column":50},"end":{"line":43,"column":5}}},"1":{"name":"(anonymous_1)","decl":{"start":{"line":45,"column":4},"end":{"line":45,"column":8}},"loc":{"start":{"line":45,"column":10},"end":{"line":47,"column":5}}},"2":{"name":"(anonymous_2)","decl":{"start":{"line":49,"column":4},"end":{"line":49,"column":8}},"loc":{"start":{"line":49,"column":14},"end":{"line":51,"column":5}}},"3":{"name":"(anonymous_3)","decl":{"start":{"line":53,"column":4},"end":{"line":53,"column":8}},"loc":{"start":{"line":53,"column":17},"end":{"line":55,"column":5}}},"4":{"name":"(anonymous_4)","decl":{"start":{"line":57,"column":4},"end":{"line":57,"column":8}},"loc":{"start":{"line":57,"column":26},"end":{"line":59,"column":5}}},"5":{"name":"(anonymous_5)","decl":{"start":{"line":61,"column":4},"end":{"line":61,"column":8}},"loc":{"start":{"line":61,"column":25},"end":{"line":63,"column":5}}},"6":{"name":"(anonymous_6)","decl":{"start":{"line":65,"column":4},"end":{"line":65,"column":8}},"loc":{"start":{"line":65,"column":27},"end":{"line":67,"column":5}}},"7":{"name":"(anonymous_7)","decl":{"start":{"line":69,"column":4},"end":{"line":69,"column":8}},"loc":{"start":{"line":69,"column":23},"end":{"line":71,"column":5}}},"8":{"name":"(anonymous_8)","decl":{"start":{"line":73,"column":4},"end":{"line":73,"column":8}},"loc":{"start":{"line":73,"column":25},"end":{"line":75,"column":5}}},"9":{"name":"(anonymous_9)","decl":{"start":{"line":77,"column":4},"end":{"line":77,"column":8}},"loc":{"start":{"line":77,"column":17},"end":{"line":79,"column":5}}},"10":{"name":"(anonymous_10)","decl":{"start":{"line":81,"column":4},"end":{"line":81,"column":8}},"loc":{"start":{"line":81,"column":17},"end":{"line":83,"column":5}}},"11":{"name":"(anonymous_11)","decl":{"start":{"line":85,"column":4},"end":{"line":85,"column":8}},"loc":{"start":{"line":85,"column":15},"end":{"line":87,"column":5}}},"12":{"name":"(anonymous_12)","decl":{"start":{"line":89,"column":4},"end":{"line":89,"column":8}},"loc":{"start":{"line":89,"column":12},"end":{"line":91,"column":5}}},"13":{"name":"(anonymous_13)","decl":{"start":{"line":93,"column":4},"end":{"line":93,"column":10}},"loc":{"start":{"line":93,"column":54},"end":{"line":111,"column":5}}},"14":{"name":"(anonymous_14)","decl":{"start":{"line":113,"column":4},"end":{"line":113,"column":10}},"loc":{"start":{"line":113,"column":63},"end":{"line":115,"column":5}}}},"branchMap":{"0":{"loc":{"start":{"line":94,"column":8},"end":{"line":96,"column":9}},"type":"if","locations":[{"start":{"line":94,"column":8},"end":{"line":96,"column":9}},{"start":{},"end":{}}]}},"s":{"0":4,"1":4,"2":4,"3":40,"4":18,"5":21,"6":17,"7":15,"8":4,"9":2,"10":17,"11":2,"12":13,"13":16,"14":17,"15":18,"16":45,"17":3,"18":42,"19":41,"20":40,"21":15,"22":4},"f":{"0":40,"1":18,"2":21,"3":17,"4":15,"5":4,"6":2,"7":17,"8":2,"9":13,"10":16,"11":17,"12":18,"13":45,"14":15},"b":{"0":[3,42]}}
,"/home/antares/Documents/proj/CoodsTA/src/module/domain/report/mapper/ReportMap.ts": {"path":"/home/antares/Documents/proj/CoodsTA/src/module/domain/report/mapper/ReportMap.ts","statementMap":{"0":{"start":{"line":1,"column":0},"end":{"line":1,"column":35}},"1":{"start":{"line":43,"column":8},"end":{"line":61,"column":11}},"2":{"start":{"line":65,"column":8},"end":{"line":73,"column":10}},"3":{"start":{"line":77,"column":8},"end":{"line":81,"column":10}},"4":{"start":{"line":85,"column":8},"end":{"line":95,"column":10}},"5":{"start":{"line":99,"column":8},"end":{"line":99,"column":57}},"6":{"start":{"line":99,"column":37},"end":{"line":99,"column":55}},"7":{"start":{"line":103,"column":8},"end":{"line":103,"column":57}},"8":{"start":{"line":103,"column":37},"end":{"line":103,"column":55}},"9":{"start":{"line":41,"column":0},"end":{"line":41,"column":13}}},"fnMap":{"0":{"name":"(anonymous_0)","decl":{"start":{"line":42,"column":11},"end":{"line":42,"column":17}},"loc":{"start":{"line":42,"column":60},"end":{"line":62,"column":5}}},"1":{"name":"(anonymous_1)","decl":{"start":{"line":64,"column":11},"end":{"line":64,"column":17}},"loc":{"start":{"line":64,"column":46},"end":{"line":74,"column":5}}},"2":{"name":"(anonymous_2)","decl":{"start":{"line":76,"column":11},"end":{"line":76,"column":17}},"loc":{"start":{"line":76,"column":52},"end":{"line":82,"column":5}}},"3":{"name":"(anonymous_3)","decl":{"start":{"line":84,"column":11},"end":{"line":84,"column":17}},"loc":{"start":{"line":84,"column":38},"end":{"line":96,"column":5}}},"4":{"name":"(anonymous_4)","decl":{"start":{"line":98,"column":11},"end":{"line":98,"column":17}},"loc":{"start":{"line":98,"column":73},"end":{"line":100,"column":5}}},"5":{"name":"(anonymous_5)","decl":{"start":{"line":99,"column":30},"end":{"line":99,"column":33}},"loc":{"start":{"line":99,"column":37},"end":{"line":99,"column":55}}},"6":{"name":"(anonymous_6)","decl":{"start":{"line":102,"column":11},"end":{"line":102,"column":17}},"loc":{"start":{"line":102,"column":45},"end":{"line":104,"column":5}}},"7":{"name":"(anonymous_7)","decl":{"start":{"line":103,"column":27},"end":{"line":103,"column":33}},"loc":{"start":{"line":103,"column":37},"end":{"line":103,"column":55}}}},"branchMap":{"0":{"loc":{"start":{"line":50,"column":21},"end":{"line":55,"column":20}},"type":"cond-expr","locations":[{"start":{"line":50,"column":35},"end":{"line":55,"column":14}},{"start":{"line":55,"column":16},"end":{"line":55,"column":20}}]},"1":{"loc":{"start":{"line":56,"column":18},"end":{"line":60,"column":20}},"type":"cond-expr","locations":[{"start":{"line":56,"column":29},"end":{"line":60,"column":14}},{"start":{"line":60,"column":16},"end":{"line":60,"column":20}}]},"2":{"loc":{"start":{"line":58,"column":22},"end":{"line":58,"column":41}},"type":"binary-expr","locations":[{"start":{"line":58,"column":22},"end":{"line":58,"column":35}},{"start":{"line":58,"column":39},"end":{"line":58,"column":41}}]},"3":{"loc":{"start":{"line":71,"column":23},"end":{"line":71,"column":47}},"type":"binary-expr","locations":[{"start":{"line":71,"column":23},"end":{"line":71,"column":39}},{"start":{"line":71,"column":43},"end":{"line":71,"column":47}}]},"4":{"loc":{"start":{"line":80,"column":23},"end":{"line":80,"column":47}},"type":"binary-expr","locations":[{"start":{"line":80,"column":23},"end":{"line":80,"column":39}},{"start":{"line":80,"column":43},"end":{"line":80,"column":47}}]}},"s":{"0":3,"1":8,"2":2,"3":1,"4":10,"5":2,"6":2,"7":5,"8":3,"9":3},"f":{"0":8,"1":2,"2":1,"3":10,"4":2,"5":2,"6":5,"7":3},"b":{"0":[7,1],"1":[7,1],"2":[7,1],"3":[2,1],"4":[1,0]}}
,"/home/antares/Documents/proj/CoodsTA/src/module/domain/report/vo/AuthenticityResult.ts": {"path":"/home/antares/Documents/proj/CoodsTA/src/module/domain/report/vo/AuthenticityResult.ts","statementMap":{"0":{"start":{"line":1,"column":0},"end":{"line":1,"column":66}},"1":{"start":{"line":11,"column":8},"end":{"line":11,"column":null}},"2":{"start":{"line":15,"column":8},"end":{"line":15,"column":null}},"3":{"start":{"line":19,"column":8},"end":{"line":19,"column":null}},"4":{"start":{"line":23,"column":8},"end":{"line":23,"column":null}},"5":{"start":{"line":27,"column":60},"end":{"line":27,"column":86}},"6":{"start":{"line":28,"column":34},"end":{"line":28,"column":86}},"7":{"start":{"line":30,"column":8},"end":{"line":32,"column":9}},"8":{"start":{"line":31,"column":12},"end":{"line":31,"column":null}},"9":{"start":{"line":33,"column":8},"end":{"line":35,"column":null}},"10":{"start":{"line":39,"column":8},"end":{"line":41,"column":null}},"11":{"start":{"line":45,"column":8},"end":{"line":47,"column":null}},"12":{"start":{"line":9,"column":0},"end":{"line":9,"column":13}}},"fnMap":{"0":{"name":"(anonymous_0)","decl":{"start":{"line":10,"column":4},"end":{"line":10,"column":24}},"loc":{"start":{"line":10,"column":48},"end":{"line":12,"column":5}}},"1":{"name":"(anonymous_1)","decl":{"start":{"line":14,"column":4},"end":{"line":14,"column":8}},"loc":{"start":{"line":14,"column":13},"end":{"line":16,"column":5}}},"2":{"name":"(anonymous_2)","decl":{"start":{"line":18,"column":11},"end":{"line":18,"column":20}},"loc":{"start":{"line":18,"column":20},"end":{"line":20,"column":5}}},"3":{"name":"(anonymous_3)","decl":{"start":{"line":22,"column":11},"end":{"line":22,"column":24}},"loc":{"start":{"line":22,"column":24},"end":{"line":24,"column":5}}},"4":{"name":"(anonymous_4)","decl":{"start":{"line":26,"column":11},"end":{"line":26,"column":17}},"loc":{"start":{"line":26,"column":45},"end":{"line":36,"column":5}}},"5":{"name":"(anonymous_5)","decl":{"start":{"line":38,"column":11},"end":{"line":38,"column":17}},"loc":{"start":{"line":38,"column":25},"end":{"line":42,"column":5}}},"6":{"name":"(anonymous_6)","decl":{"start":{"line":44,"column":11},"end":{"line":44,"column":17}},"loc":{"start":{"line":44,"column":29},"end":{"line":48,"column":5}}}},"branchMap":{"0":{"loc":{"start":{"line":30,"column":8},"end":{"line":32,"column":9}},"type":"if","locations":[{"start":{"line":30,"column":8},"end":{"line":32,"column":9}},{"start":{},"end":{}}]}},"s":{"0":5,"1":65,"2":28,"3":5,"4":4,"5":62,"6":62,"7":62,"8":4,"9":58,"10":4,"11":3,"12":5},"f":{"0":65,"1":28,"2":5,"3":4,"4":62,"5":4,"6":3},"b":{"0":[4,58]}}
,"/home/antares/Documents/proj/CoodsTA/src/module/domain/report/vo/ConfidenceScore.ts": {"path":"/home/antares/Documents/proj/CoodsTA/src/module/domain/report/vo/ConfidenceScore.ts","statementMap":{"0":{"start":{"line":1,"column":0},"end":{"line":1,"column":66}},"1":{"start":{"line":11,"column":8},"end":{"line":11,"column":21}},"2":{"start":{"line":15,"column":8},"end":{"line":15,"column":32}},"3":{"start":{"line":19,"column":8},"end":{"line":19,"column":38}},"4":{"start":{"line":23,"column":8},"end":{"line":23,"column":63}},"5":{"start":{"line":27,"column":8},"end":{"line":27,"column":37}},"6":{"start":{"line":31,"column":8},"end":{"line":33,"column":9}},"7":{"start":{"line":32,"column":12},"end":{"line":32,"column":110}},"8":{"start":{"line":34,"column":8},"end":{"line":36,"column":9}},"9":{"start":{"line":35,"column":12},"end":{"line":35,"column":88}},"10":{"start":{"line":37,"column":8},"end":{"line":37,"column":53}},"11":{"start":{"line":9,"column":0},"end":{"line":9,"column":13}}},"fnMap":{"0":{"name":"(anonymous_0)","decl":{"start":{"line":10,"column":4},"end":{"line":10,"column":24}},"loc":{"start":{"line":10,"column":51},"end":{"line":12,"column":5}}},"1":{"name":"(anonymous_1)","decl":{"start":{"line":14,"column":4},"end":{"line":14,"column":8}},"loc":{"start":{"line":14,"column":13},"end":{"line":16,"column":5}}},"2":{"name":"(anonymous_2)","decl":{"start":{"line":18,"column":11},"end":{"line":18,"column":27}},"loc":{"start":{"line":18,"column":27},"end":{"line":20,"column":5}}},"3":{"name":"(anonymous_3)","decl":{"start":{"line":22,"column":11},"end":{"line":22,"column":29}},"loc":{"start":{"line":22,"column":29},"end":{"line":24,"column":5}}},"4":{"name":"(anonymous_4)","decl":{"start":{"line":26,"column":11},"end":{"line":26,"column":26}},"loc":{"start":{"line":26,"column":26},"end":{"line":28,"column":5}}},"5":{"name":"(anonymous_5)","decl":{"start":{"line":30,"column":11},"end":{"line":30,"column":17}},"loc":{"start":{"line":30,"column":38},"end":{"line":38,"column":5}}}},"branchMap":{"0":{"loc":{"start":{"line":23,"column":15},"end":{"line":23,"column":62}},"type":"binary-expr","locations":[{"start":{"line":23,"column":15},"end":{"line":23,"column":37}},{"start":{"line":23,"column":41},"end":{"line":23,"column":62}}]},"1":{"loc":{"start":{"line":31,"column":8},"end":{"line":33,"column":9}},"type":"if","locations":[{"start":{"line":31,"column":8},"end":{"line":33,"column":9}},{"start":{},"end":{}}]},"2":{"loc":{"start":{"line":31,"column":12},"end":{"line":31,"column":36}},"type":"binary-expr","locations":[{"start":{"line":31,"column":12},"end":{"line":31,"column":21}},{"start":{"line":31,"column":25},"end":{"line":31,"column":36}}]},"3":{"loc":{"start":{"line":34,"column":8},"end":{"line":36,"column":9}},"type":"if","locations":[{"start":{"line":34,"column":8},"end":{"line":36,"column":9}},{"start":{},"end":{}}]}},"s":{"0":5,"1":68,"2":23,"3":7,"4":7,"5":6,"6":74,"7":5,"8":69,"9":1,"10":68,"11":5},"f":{"0":68,"1":23,"2":7,"3":7,"4":6,"5":74},"b":{"0":[7,5],"1":[5,69],"2":[74,72],"3":[1,68]}}
[...]
{"line":21,"column":58}}]},"1":{"loc":{"start":{"line":23,"column":8},"end":{"line":32,"column":9}},"type":"switch","locations":[{"start":{"line":24,"column":12},"end":{"line":25,"column":48}},{"start":{"line":26,"column":12},"end":{"line":29,"column":51}},{"start":{"line":30,"column":12},"end":{"line":31,"column":56}}]},"2":{"loc":{"start":{"line":27,"column":23},"end":{"line":29,"column":50}},"type":"cond-expr","locations":[{"start":{"line":28,"column":22},"end":{"line":28,"column":49}},{"start":{"line":29,"column":22},"end":{"line":29,"column":50}}]},"3":{"loc":{"start":{"line":40,"column":12},"end":{"line":42,"column":13}},"type":"if","locations":[{"start":{"line":40,"column":12},"end":{"line":42,"column":13}},{"start":{},"end":{}}]},"4":{"loc":{"start":{"line":55,"column":28},"end":{"line":55,"column":82}},"type":"cond-expr","locations":[{"start":{"line":55,"column":53},"end":{"line":55,"column":66}},{"start":{"line":55,"column":69},"end":{"line":55,"column":82}}]},"5":{"loc":{"start":{"line":57,"column":12},"end":{"line":59,"column":13}},"type":"if","locations":[{"start":{"line":57,"column":12},"end":{"line":59,"column":13}},{"start":{},"end":{}}]},"6":{"loc":{"start":{"line":70,"column":12},"end":{"line":72,"column":13}},"type":"if","locations":[{"start":{"line":70,"column":12},"end":{"line":72,"column":13}},{"start":{},"end":{}}]},"7":{"loc":{"start":{"line":79,"column":28},"end":{"line":79,"column":82}},"type":"cond-expr","locations":[{"start":{"line":79,"column":53},"end":{"line":79,"column":66}},{"start":{"line":79,"column":69},"end":{"line":79,"column":82}}]},"8":{"loc":{"start":{"line":89,"column":12},"end":{"line":91,"column":13}},"type":"if","locations":[{"start":{"line":89,"column":12},"end":{"line":91,"column":13}},{"start":{},"end":{}}]},"9":{"loc":{"start":{"line":94,"column":12},"end":{"line":96,"column":13}},"type":"if","locations":[{"start":{"line":94,"column":12},"end":{"line":96,"column":13}},{"start":{},"end":{}}]},"10":{"loc":{"start":{"line":99,"column":12},"end":{"line":101,"column":13}},"type":"if","locations":[{"start":{"line":99,"column":12},"end":{"line":101,"column":13}},{"start":{},"end":{}}]},"11":{"loc":{"start":{"line":104,"column":12},"end":{"line":106,"column":13}},"type":"if","locations":[{"start":{"line":104,"column":12},"end":{"line":106,"column":13}},{"start":{},"end":{}}]},"12":{"loc":{"start":{"line":104,"column":16},"end":{"line":104,"column":86}},"type":"binary-expr","locations":[{"start":{"line":104,"column":16},"end":{"line":104,"column":53}},{"start":{"line":104,"column":57},"end":{"line":104,"column":86}}]},"13":{"loc":{"start":{"line":112,"column":28},"end":{"line":112,"column":82}},"type":"cond-expr","locations":[{"start":{"line":112,"column":53},"end":{"line":112,"column":66}},{"start":{"line":112,"column":69},"end":{"line":112,"column":82}}]}},"s":{"0":1,"1":1,"2":1,"3":16,"4":16,"5":4,"6":4,"7":1,"8":2,"9":1,"10":4,"11":4,"12":1,"13":3,"14":3,"15":2,"16":1,"17":1,"18":1,"19":0,"20":4,"21":4,"22":1,"23":3,"24":3,"25":3,"26":0,"27":0,"28":7,"29":7,"30":1,"31":6,"32":6,"33":1,"34":5,"35":5,"36":1,"37":4,"38":1,"39":3,"40":3,"41":0,"42":0,"43":1},"f":{"0":16,"1":4,"2":4,"3":4,"4":7},"b":{"0":[4,0],"1":[1,2,1],"2":[1,1],"3":[1,3],"4":[1,0],"5":[1,0],"6":[1,3],"7":[0,0],"8":[1,6],"9":[1,5],"10":[1,4],"11":[1,3],"12":[4,2],"13":[0,0]}}
,"/home/antares/Documents/proj/CoodsTA/src/module/interface/http/HttpTypes.ts": {"path":"/home/antares/Documents/proj/CoodsTA/src/module/interface/http/HttpTypes.ts","statementMap":{"0":{"start":{"line":29,"column":18},"end":{"line":29,"column":80}},"1":{"start":{"line":29,"column":48},"end":{"line":29,"column":79}},"2":{"start":{"line":29,"column":13},"end":{"line":29,"column":18}},"3":{"start":{"line":30,"column":23},"end":{"line":30,"column":85}},"4":{"start":{"line":30,"column":53},"end":{"line":30,"column":84}},"5":{"start":{"line":30,"column":13},"end":{"line":30,"column":23}},"6":{"start":{"line":31,"column":26},"end":{"line":31,"column":97}},"7":{"start":{"line":31,"column":60},"end":{"line":31,"column":96}},"8":{"start":{"line":31,"column":13},"end":{"line":31,"column":26}},"9":{"start":{"line":32,"column":28},"end":{"line":32,"column":116}},"10":{"start":{"line":32,"column":79},"end":{"line":32,"column":115}},"11":{"start":{"line":32,"column":13},"end":{"line":32,"column":28}},"12":{"start":{"line":33,"column":25},"end":{"line":33,"column":110}},"13":{"start":{"line":33,"column":73},"end":{"line":33,"column":109}},"14":{"start":{"line":33,"column":13},"end":{"line":33,"column":25}},"15":{"start":{"line":34,"column":24},"end":{"line":34,"column":109}},"16":{"start":{"line":34,"column":72},"end":{"line":34,"column":108}},"17":{"start":{"line":34,"column":13},"end":{"line":34,"column":24}},"18":{"start":{"line":35,"column":27},"end":{"line":35,"column":124}},"19":{"start":{"line":35,"column":87},"end":{"line":35,"column":123}},"20":{"start":{"line":35,"column":13},"end":{"line":35,"column":27}}},"fnMap":{"0":{"name":"(anonymous_0)","decl":{"start":{"line":29,"column":18},"end":{"line":29,"column":19}},"loc":{"start":{"line":29,"column":48},"end":{"line":29,"column":79}}},"1":{"name":"(anonymous_1)","decl":{"start":{"line":30,"column":23},"end":{"line":30,"column":24}},"loc":{"start":{"line":30,"column":53},"end":{"line":30,"column":84}}},"2":{"name":"(anonymous_2)","decl":{"start":{"line":31,"column":26},"end":{"line":31,"column":27}},"loc":{"start":{"line":31,"column":60},"end":{"line":31,"column":96}}},"3":{"name":"(anonymous_3)","decl":{"start":{"line":32,"column":28},"end":{"line":32,"column":29}},"loc":{"start":{"line":32,"column":79},"end":{"line":32,"column":115}}},"4":{"name":"(anonymous_4)","decl":{"start":{"line":33,"column":25},"end":{"line":33,"column":26}},"loc":{"start":{"line":33,"column":73},"end":{"line":33,"column":109}}},"5":{"name":"(anonymous_5)","decl":{"start":{"line":34,"column":24},"end":{"line":34,"column":25}},"loc":{"start":{"line":34,"column":72},"end":{"line":34,"column":108}}},"6":{"name":"(anonymous_6)","decl":{"start":{"line":35,"column":27},"end":{"line":35,"column":28}},"loc":{"start":{"line":35,"column":87},"end":{"line":35,"column":123}}}},"branchMap":{"0":{"loc":{"start":{"line":32,"column":29},"end":{"line":32,"column":59}},"type":"default-arg","locations":[{"start":{"line":32,"column":45},"end":{"line":32,"column":59}}]},"1":{"loc":{"start":{"line":33,"column":26},"end":{"line":33,"column":53}},"type":"default-arg","locations":[{"start":{"line":33,"column":42},"end":{"line":33,"column":53}}]},"2":{"loc":{"start":{"line":34,"column":25},"end":{"line":34,"column":52}},"type":"default-arg","locations":[{"start":{"line":34,"column":41},"end":{"line":34,"column":52}}]},"3":{"loc":{"start":{"line":35,"column":28},"end":{"line":35,"column":67}},"type":"default-arg","locations":[{"start":{"line":35,"column":44},"end":{"line":35,"column":67}}]}},"s":{"0":4,"1":10,"2":4,"3":4,"4":5,"5":4,"6":4,"7":8,"8":4,"9":4,"10":6,"11":4,"12":4,"13":2,"14":4,"15":4,"16":3,"17":4,"18":4,"19":6,"20":4},"f":{"0":10,"1":5,"2":8,"3":6,"4":2,"5":3,"6":6},"b":{"0":[1],"1":[1],"2":[1],"3":[1]}}
,"/home/antares/Documents/proj/CoodsTA/src/module/interface/http/middleware/AuthMiddleware.ts": {"path":"/home/antares/Documents/proj/CoodsTA/src/module/interface/http/middleware/AuthMiddleware.ts","statementMap":{"0":{"start":{"line":16,"column":4},"end":{"line":16,"column":33}},"1":{"start":{"line":19,"column":17},"end":{"line":43,"column":3}},"2":{"start":{"line":20,"column":23},"end":{"line":20,"column":48}},"3":{"start":{"line":22,"column":4},"end":{"line":25,"column":5}},"4":{"start":{"line":23,"column":6},"end":{"line":23,"column":81}},"5":{"start":{"line":24,"column":6},"end":{"line":24,"column":13}},"6":{"start":{"line":27,"column":18},"end":{"line":27,"column":42}},"7":{"start":{"line":29,"column":4},"end":{"line":32,"column":5}},"8":{"start":{"line":30,"column":6},"end":{"line":30,"column":60}},"9":{"start":{"line":31,"column":6},"end":{"line":31,"column":13}},"10":{"start":{"line":34,"column":20},"end":{"line":34,"column":60}},"11":{"start":{"line":36,"column":4},"end":{"line":39,"column":5}},"12":{"start":{"line":37,"column":6},"end":{"line":37,"column":66}},"13":{"start":{"line":38,"column":6},"end":{"line":38,"column":13}},"14":{"start":{"line":41,"column":4},"end":{"line":41,"column":23}},"15":{"start":{"line":42,"column":4},"end":{"line":42,"column":11}},"16":{"start":{"line":45,"column":16},"end":{"line":59,"column":3}},"17":{"start":{"line":46,"column":4},"end":{"line":58,"column":6}},"18":{"start":{"line":47,"column":6},"end":{"line":50,"column":7}},"19":{"start":{"line":48,"column":8},"end":{"line":48,"column":61}},"20":{"start":{"line":49,"column":8},"end":{"line":49,"column":15}},"21":{"start":{"line":52,"column":6},"end":{"line":55,"column":7}},"22":{"start":{"line":53,"column":8},"end":{"line":53,"column":68}},"23":{"start":{"line":54,"column":8},"end":{"line":54,"column":15}},"24":{"start":{"line":57,"column":6},"end":{"line":57,"column":13}},"25":{"start":{"line":12,"column":0},"end":{"line":12,"column":13}}},"fnMap":{"0":{"name":"(anonymous_0)","decl":{"start":{"line":15,"column":2},"end":{"line":15,"column":14}},"loc":{"start":{"line":15,"column":36},"end":{"line":17,"column":3}}},"1":{"name":"(anonymous_1)","decl":{"start":{"line":19,"column":17},"end":{"line":19,"column":18}},"loc":{"start":{"line":19,"column":88},"end":{"line":43,"column":3}}},"2":{"name":"(anonymous_2)","decl":{"start":{"line":45,"column":16},"end":{"line":45,"column":17}},"loc":{"start":{"line":45,"column":39},"end":{"line":59,"column":3}}},"3":{"name":"(anonymous_3)","decl":{"start":{"line":46,"column":11},"end":{"line":46,"column":12}},"loc":{"start":{"line":46,"column":82},"end":{"line":58,"column":5}}}},"branchMap":{"0":{"loc":{"start":{"line":22,"column":4},"end":{"line":25,"column":5}},"type":"if","locations":[{"start":{"line":22,"column":4},"end":{"line":25,"column":5}},{"start":{},"end":{}}]},"1":{"loc":{"start":{"line":22,"column":8},"end":{"line":22,"column":56}},"type":"binary-expr","locations":[{"start":{"line":22,"column":8},"end":{"line":22,"column":19}},{"start":{"line":22,"column":23},"end":{"line":22,"column":56}}]},"2":{"loc":{"start":{"line":29,"column":4},"end":{"line":32,"column":5}},"type":"if","locations":[{"start":{"line":29,"column":4},"end":{"line":32,"column":5}},{"start":{},"end":{}}]},"3":{"loc":{"start":{"line":36,"column":4},"end":{"line":39,"column":5}},"type":"if","locations":[{"start":{"line":36,"column":4},"end":{"line":39,"column":5}},{"start":{},"end":{}}]},"4":{"loc":{"start":{"line":47,"column":6},"end":{"line":50,"column":7}},"type":"if","locations":[{"start":{"line":47,"column":6},"end":{"line":50,"column":7}},{"start":{},"end":{}}]},"5":{"loc":{"start":{"line":52,"column":6},"end":{"line":55,"column":7}},"type":"if","locations":[{"start":{"line":52,"column":6},"end":{"line":55,"column":7}},{"start":{},"end":{}}]}},"s":{"0":11,"1":11,"2":6,"3":6,"4":2,"5":2,"6":4,"7":4,"8":1,"9":1,"10":3,"11":3,"12":1,"13":1,"14":2,"15":2,"16":11,"17":5,"18":5,"19":1,"20":1,"21":4,"22":2,"23":2,"24":2,"25":1},"f":{"0":11,"1":6,"2":5,"3":5},"b":{"0":[2,4],"1":[6,5],"2":[1,3],"3":[1,2],"4":[1,4],"5":[2,2]}}
,"/home/antares/Documents/proj/CoodsTA/src/module/interface/presenters/AuthPresenter.ts": {"path":"/home/antares/Documents/proj/CoodsTA/src/module/interface/presenters/AuthPresenter.ts","statementMap":{"0":{"start":{"line":15,"column":8},"end":{"line":31,"column":10}},"1":{"start":{"line":42,"column":8},"end":{"line":46,"column":10}},"2":{"start":{"line":53,"column":8},"end":{"line":61,"column":10}},"3":{"start":{"line":7,"column":0},"end":{"line":7,"column":13}}},"fnMap":{"0":{"name":"(anonymous_0)","decl":{"start":{"line":11,"column":11},"end":{"line":11,"column":17}},"loc":{"start":{"line":14,"column":5},"end":{"line":32,"column":5}}},"1":{"name":"(anonymous_1)","decl":{"start":{"line":37,"column":11},"end":{"line":37,"column":17}},"loc":{"start":{"line":41,"column":5},"end":{"line":47,"column":5}}},"2":{"name":"(anonymous_2)","decl":{"start":{"line":52,"column":11},"end":{"line":52,"column":17}},"loc":{"start":{"line":52,"column":50},"end":{"line":62,"column":5}}}},"branchMap":{"0":{"loc":{"start":{"line":45,"column":18},"end":{"line":45,"column":66}},"type":"cond-expr","locations":[{"start":{"line":45,"column":34},"end":{"line":45,"column":59}},{"start":{"line":45,"column":62},"end":{"line":45,"column":66}}]}},"s":{"0":2,"1":2,"2":0,"3":2},"f":{"0":2,"1":2,"2":0},"b":{"0":[2,0]}}
,"/home/antares/Documents/proj/CoodsTA/src/module/interface/presenters/ReportPresenter.ts": {"path":"/home/antares/Documents/proj/CoodsTA/src/module/interface/presenters/ReportPresenter.ts","statementMap":{"0":{"start":{"line":24,"column":8},"end":{"line":28,"column":10}},"1":{"start":{"line":35,"column":24},"end":{"line":35,"column":86}},"2":{"start":{"line":35,"column":44},"end":{"line":35,"column":78}},"3":{"start":{"line":36,"column":28},"end":{"line":36,"column":94}},"4":{"start":{"line":36,"column":48},"end":{"line":36,"column":86}},"5":{"start":{"line":38,"column":8},"end":{"line":49,"column":10}},"6":{"start":{"line":42,"column":42},"end":{"line":42,"column":62}},"7":{"start":{"line":56,"column":8},"end":{"line":60,"column":10}},"8":{"start":{"line":67,"column":8},"end":{"line":78,"column":10}},"9":{"start":{"line":15,"column":0},"end":{"line":15,"column":13}}},"fnMap":{"0":{"name":"(anonymous_0)","decl":{"start":{"line":19,"column":11},"end":{"line":19,"column":17}},"loc":{"start":{"line":23,"column":5},"end":{"line":29,"column":5}}},"1":{"name":"(anonymous_1)","decl":{"start":{"line":34,"column":11},"end":{"line":34,"column":17}},"loc":{"start":{"line":34,"column":50},"end":{"line":50,"column":5}}},"2":{"name":"(anonymous_2)","decl":{"start":{"line":35,"column":39},"end":{"line":35,"column":40}},"loc":{"start":{"line":35,"column":44},"end":{"line":35,"column":78}}},"3":{"name":"(anonymous_3)","decl":{"start":{"line":36,"column":43},"end":{"line":36,"column":44}},"loc":{"start":{"line":36,"column":48},"end":{"line":36,"column":86}}},"4":{"name":"(anonymous_4)","decl":{"start":{"line":42,"column":37},"end":{"line":42,"column":38}},"loc":{"start":{"line":42,"column":42},"end":{"line":42,"column":62}}},"5":{"name":"(anonymous_5)","decl":{"start":{"line":55,"column":11},"end":{"line":55,"column":17}},"loc":{"start":{"line":55,"column":49},"end":{"line":61,"column":5}}},"6":{"name":"(anonymous_6)","decl":{"start":{"line":66,"column":12},"end":{"line":66,"column":18}},"loc":{"start":{"line":66,"column":49},"end":{"line":79,"column":5}}}},"branchMap":{"0":{"loc":{"start":{"line":27,"column":18},"end":{"line":27,"column":73}},"type":"cond-expr","locations":[{"start":{"line":27,"column":34},"end":{"line":27,"column":66}},{"start":{"line":27,"column":69},"end":{"line":27,"column":73}}]},"1":{"loc":{"start":{"line":75,"column":23},"end":{"line":77,"column":34}},"type":"cond-expr","locations":[{"start":{"line":76,"column":18},"end":{"line":76,"column":48}},{"start":{"line":77,"column":18},"end":{"line":77,"column":34}}]}},"s":{"0":2,"1":3,"2":1,"3":3,"4":1,"5":3,"6":1,"7":3,"8":6,"9":1},"f":{"0":2,"1":3,"2":1,"3":1,"4":1,"5":3,"6":6},"b":{"0":[2,0],"1":[6,0]}}
,"/home/antares/Documents/proj/CoodsTA/src/shared/core/Entity.ts": {"path":"/home/antares/Documents/proj/CoodsTA/src/shared/core/Entity.ts","statementMap":{"0":{"start":{"line":13,"column":8},"end":{"line":13,"column":22}},"1":{"start":{"line":14,"column":8},"end":{"line":14,"column":27}},"2":{"start":{"line":19,"column":8},"end":{"line":19,"column":24}},"3":{"start":{"line":23,"column":8},"end":{"line":25,"column":9}},"4":{"start":{"line":24,"column":12},"end":{"line":24,"column":25}},"5":{"start":{"line":27,"column":8},"end":{"line":29,"column":9}},"6":{"start":{"line":28,"column":12},"end":{"line":28,"column":24}},"7":{"start":{"line":31,"column":8},"end":{"line":31,"column":39}},"8":{"start":{"line":7,"column":0},"end":{"line":7,"column":22}}},"fnMap":{"0":{"name":"(anonymous_0)","decl":{"start":{"line":12,"column":4},"end":{"line":12,"column":16}},"loc":{"start":{"line":12,"column":41},"end":{"line":15,"column":5}}},"1":{"name":"(anonymous_1)","decl":{"start":{"line":18,"column":4},"end":{"line":18,"column":8}},"loc":{"start":{"line":18,"column":10},"end":{"line":20,"column":5}}},"2":{"name":"(anonymous_2)","decl":{"start":{"line":22,"column":11},"end":{"line":22,"column":17}},"loc":{"start":{"line":22,"column":41},"end":{"line":32,"column":5}}}},"branchMap":{"0":{"loc":{"start":{"line":23,"column":8},"end":{"line":25,"column":9}},"type":"if","locations":[{"start":{"line":23,"column":8},"end":{"line":25,"column":9}},{"start":{},"end":{}}]},"1":{"loc":{"start":{"line":23,"column":12},"end":{"line":23,"column":51}},"type":"binary-expr","locations":[{"start":{"line":23,"column":12},"end":{"line":23,"column":27}},{"start":{"line":23,"column":31},"end":{"line":23,"column":51}}]},"2":{"loc":{"start":{"line":27,"column":8},"end":{"line":29,"column":9}},"type":"if","locations":[{"start":{"line":27,"column":8},"end":{"line":29,"column":9}},{"start":{},"end":{}}]}},"s":{"0":152,"1":152,"2":6,"3":13,"4":2,"5":11,"6":1,"7":10,"8":15},"f":{"0":152,"1":6,"2":13},"b":{"0":[2,11],"1":[13,12],"2":[1,10]}}
,"/home/antares/Documents/proj/CoodsTA/src/shared/core/Result.ts": {"path":"/home/antares/Documents/proj/CoodsTA/src/shared/core/Result.ts","statementMap":{"0":{"start":{"line":5,"column":8},"end":{"line":5,"column":null}},"1":{"start":{"line":9,"column":8},"end":{"line":9,"column":null}},"2":{"start":{"line":13,"column":8},"end":{"line":13,"column":null}},"3":{"start":{"line":1,"column":0},"end":{"line":1,"column":22}}},"fnMap":{"0":{"name":"(anonymous_0)","decl":{"start":{"line":4,"column":4},"end":{"line":4,"column":16}},"loc":{"start":{"line":4,"column":31},"end":{"line":6,"column":5}}},"1":{"name":"(anonymous_1)","decl":{"start":{"line":8,"column":4},"end":{"line":8,"column":8}},"loc":{"start":{"line":8,"column":8},"end":{"line":10,"column":5}}},"2":{"name":"(anonymous_2)","decl":{"start":{"line":12,"column":4},"end":{"line":12,"column":11}},"loc":{"start":{"line":12,"column":11},"end":{"line":14,"column":5}}}},"branchMap":{},"s":{"0":6,"1":2,"2":2,"3":1},"f":{"0":6,"1":2,"2":2},"b":{}}
,"/home/antares/Documents/proj/CoodsTA/src/shared/core/ValueObject.ts": {"path":"/home/antares/Documents/proj/CoodsTA/src/shared/core/ValueObject.ts","statementMap":{"0":{"start":{"line":15,"column":8},"end":{"line":15,"column":42}},"1":{"start":{"line":22,"column":8},"end":{"line":24,"column":9}},"2":{"start":{"line":23,"column":12},"end":{"line":23,"column":25}},"3":{"start":{"line":25,"column":8},"end":{"line":27,"column":9}},"4":{"start":{"line":26,"column":12},"end":{"line":26,"column":25}},"5":{"start":{"line":28,"column":8},"end":{"line":28,"column":71}},"6":{"start":{"line":11,"column":0},"end":{"line":11,"column":22}}},"fnMap":{"0":{"name":"(anonymous_0)","decl":{"start":{"line":14,"column":4},"end":{"line":14,"column":16}},"loc":{"start":{"line":14,"column":24},"end":{"line":16,"column":5}}},"1":{"name":"(anonymous_1)","decl":{"start":{"line":21,"column":11},"end":{"line":21,"column":17}},"loc":{"start":{"line":21,"column":37},"end":{"line":29,"column":5}}}},"branchMap":{"0":{"loc":{"start":{"line":22,"column":8},"end":{"line":24,"column":9}},"type":"if","locations":[{"start":{"line":22,"column":8},"end":{"line":24,"column":9}},{"start":{},"end":{}}]},"1":{"loc":{"start":{"line":22,"column":12},"end":{"line":22,"column":43}},"type":"binary-expr","locations":[{"start":{"line":22,"column":12},"end":{"line":22,"column":23}},{"start":{"line":22,"column":27},"end":{"line":22,"column":43}}]},"2":{"loc":{"start":{"line":25,"column":8},"end":{"line":27,"column":9}},"type":"if","locations":[{"start":{"line":25,"column":8},"end":{"line":27,"column":9}},{"start":{},"end":{}}]}},"s":{"0":603,"1":48,"2":2,"3":46,"4":1,"5":45,"6":25},"f":{"0":603,"1":48},"b":{"0":[2,46],"1":[48,47],"2":[1,45]}}
}
