TN:
SF:src/module/applications/authentication/LoginUsecase.ts
FN:30,(anonymous_0)
FN:36,(anonymous_1)
FNF:2
FNH:2
FNDA:12,(anonymous_0)
FNDA:12,(anonymous_1)
DA:4,1
DA:29,1
DA:31,12
DA:32,12
DA:33,12
DA:38,12
DA:39,3
DA:41,9
DA:42,3
DA:46,6
DA:47,6
DA:48,1
DA:52,5
DA:53,5
DA:54,1
DA:58,4
DA:65,4
DA:67,4
LF:18
LH:18
BRDA:38,0,0,3
BRDA:38,0,1,9
BRDA:38,1,0,12
BRDA:38,1,1,10
BRDA:41,2,0,3
BRDA:41,2,1,6
BRDA:41,3,0,9
BRDA:41,3,1,7
BRDA:47,4,0,1
BRDA:47,4,1,5
BRDA:53,5,0,1
BRDA:53,5,1,4
BRF:12
BRH:12
end_of_record
TN:
SF:src/module/applications/authentication/RegisterUsecase.ts
FN:19,(anonymous_0)
FN:24,(anonymous_1)
FNF:2
FNH:2
FNDA:15,(anonymous_0)
FNDA:15,(anonymous_1)
DA:3,1
DA:4,1
DA:18,1
DA:20,15
DA:21,15
DA:25,15
DA:26,3
DA:28,12
DA:29,3
DA:31,9
DA:32,3
DA:36,6
DA:37,6
DA:38,1
DA:42,5
DA:45,5
DA:56,5
DA:58,5
LF:18
LH:18
BRDA:25,0,0,3
BRDA:25,0,1,12
BRDA:25,1,0,15
BRDA:25,1,1,13
BRDA:28,2,0,3
BRDA:28,2,1,9
BRDA:28,3,0,12
BRDA:28,3,1,10
BRDA:31,4,0,3
BRDA:31,4,1,6
BRDA:31,5,0,9
BRDA:31,5,1,7
BRDA:37,6,0,1
BRDA:37,6,1,5
BRF:14
BRH:14
end_of_record
TN:
SF:src/module/applications/model/UploadModelUsecase.ts
FN:40,(anonymous_0)
FN:45,(anonymous_1)
FNF:2
FNH:2
FNDA:11,(anonymous_0)
FNDA:11,(anonymous_1)
DA:3,1
DA:4,1
DA:5,1
DA:39,1
DA:41,11
DA:42,11
DA:47,11
DA:48,1
DA:50,10
DA:51,2
DA:53,8
DA:54,2
DA:56,6
DA:57,1
DA:61,5
DA:67,5
DA:69,5
DA:70,4
DA:71,4
DA:72,1
DA:81,1
DA:86,5
DA:87,5
DA:98,5
DA:101,4
DA:103,4
DA:110,1
DA:111,1
LF:28
LH:28
BRDA:47,0,0,1
BRDA:47,0,1,10
BRDA:50,1,0,2
BRDA:50,1,1,8
BRDA:50,2,0,10
BRDA:50,2,1,9
BRDA:53,3,0,2
BRDA:53,3,1,6
BRDA:53,4,0,8
BRDA:53,4,1,7
BRDA:56,5,0,1
BRDA:56,5,1,5
BRDA:69,6,0,4
BRDA:69,6,1,1
BRDA:71,7,0,1
BRDA:71,7,1,3
BRDA:94,8,0,4
BRDA:94,8,1,1
BRF:18
BRH:18
end_of_record
TN:
SF:src/module/applications/product/UploadProductUsecase.ts
FN:35,(anonymous_0)
FN:40,(anonymous_1)
FNF:2
FNH:2
FNDA:13,(anonymous_0)
FNDA:13,(anonymous_1)
DA:3,1
DA:4,1
DA:5,1
DA:34,1
DA:36,13
DA:37,13
DA:42,13
DA:43,3
DA:45,10
DA:46,3
DA:48,7
DA:49,2
DA:53,5
DA:55,5
DA:57,5
DA:58,5
DA:67,5
DA:70,4
DA:72,4
DA:79,1
DA:80,1
LF:21
LH:21
BRDA:42,0,0,3
BRDA:42,0,1,10
BRDA:42,1,0,13
BRDA:42,1,1,11
BRDA:45,2,0,3
BRDA:45,2,1,7
BRDA:45,3,0,10
BRDA:45,3,1,8
BRDA:48,4,0,2
BRDA:48,4,1,5
BRF:10
BRH:10
end_of_record
TN:
SF:src/module/applications/report/SaveReportUsecase.ts
FN:37,(anonymous_0)
FN:43,(anonymous_1)
FNF:2
FNH:2
FNDA:13,(anonymous_0)
FNDA:13,(anonymous_1)
DA:4,1
DA:5,1
DA:6,1
DA:36,1
DA:38,13
DA:39,13
DA:40,13
DA:45,13
DA:46,2
DA:48,11
DA:49,2
DA:51,9
DA:52,1
DA:54,8
DA:55,2
DA:59,6
DA:60,6
DA:61,2
DA:65,4
DA:66,4
DA:67,1
DA:71,3
DA:80,3
DA:83,3
DA:85,3
LF:25
LH:25
BRDA:45,0,0,2
BRDA:45,0,1,11
BRDA:45,1,0,13
BRDA:45,1,1,12
BRDA:48,2,0,2
BRDA:48,2,1,9
BRDA:48,3,0,11
BRDA:48,3,1,10
BRDA:51,4,0,1
BRDA:51,4,1,8
BRDA:54,5,0,2
BRDA:54,5,1,6
BRDA:54,6,0,8
BRDA:54,6,1,7
BRDA:60,7,0,2
BRDA:60,7,1,4
BRDA:66,8,0,1
BRDA:66,8,1,3
BRF:18
BRH:18
end_of_record
TN:
SF:src/module/domain/authentication/User.ts
FN:27,(anonymous_0)
FN:31,(anonymous_1)
FN:35,(anonymous_2)
FN:39,(anonymous_3)
FN:43,(anonymous_4)
FN:47,(anonymous_5)
FN:51,(anonymous_6)
FN:55,(anonymous_7)
FN:59,(anonymous_8)
FN:63,(anonymous_9)
FN:67,(anonymous_10)
FN:71,(anonymous_11)
FN:75,(anonymous_12)
FN:101,(anonymous_13)
FNF:14
FNH:14
FNDA:34,(anonymous_0)
FNDA:24,(anonymous_1)
FNDA:18,(anonymous_2)
FNDA:1,(anonymous_3)
FNDA:14,(anonymous_4)
FNDA:1,(anonymous_5)
FNDA:10,(anonymous_6)
FNDA:5,(anonymous_7)
FNDA:18,(anonymous_8)
FNDA:1,(anonymous_9)
FNDA:9,(anonymous_10)
FNDA:9,(anonymous_11)
FNDA:43,(anonymous_12)
FNDA:11,(anonymous_13)
DA:1,5
DA:2,5
DA:3,5
DA:4,5
DA:5,5
DA:26,5
DA:28,34
DA:32,24
DA:36,18
DA:40,1
DA:44,14
DA:48,1
DA:52,10
DA:56,5
DA:60,18
DA:64,1
DA:68,9
DA:72,9
DA:76,43
DA:77,3
DA:81,40
DA:82,38
DA:83,36
DA:86,35
DA:88,34
DA:102,11
LF:26
LH:26
BRDA:76,0,0,3
BRDA:76,0,1,40
BRDA:83,1,0,16
BRDA:83,1,1,20
BRF:4
BRH:4
end_of_record
TN:
SF:src/module/domain/authentication/mapper/UserMap.ts
FN:28,(anonymous_0)
FN:42,(anonymous_1)
FN:55,(anonymous_2)
FN:67,(anonymous_3)
FN:81,(anonymous_4)
FN:82,(anonymous_5)
FN:88,(anonymous_6)
FN:89,(anonymous_7)
FNF:8
FNH:8
FNDA:5,(anonymous_0)
FNDA:1,(anonymous_1)
FNDA:1,(anonymous_2)
FNDA:8,(anonymous_3)
FNDA:2,(anonymous_4)
FNDA:2,(anonymous_5)
FNDA:2,(anonymous_6)
FNDA:2,(anonymous_7)
DA:1,2
DA:24,2
DA:29,5
DA:43,1
DA:56,1
DA:68,8
DA:82,2
DA:89,2
LF:8
LH:8
BRDA:31,0,0,5
BRDA:31,0,1,1
BRDA:32,1,0,5
BRDA:32,1,1,1
BRF:4
BRH:4
end_of_record
TN:
SF:src/module/domain/authentication/vo/Email.ts
FN:8,(anonymous_0)
FN:12,(anonymous_1)
FN:16,(anonymous_2)
FN:23,(anonymous_3)
FNF:4
FNH:4
FNDA:53,(anonymous_0)
FNDA:28,(anonymous_1)
FNDA:60,(anonymous_2)
FNDA:65,(anonymous_3)
DA:1,6
DA:7,6
DA:9,53
DA:13,28
DA:19,60
DA:20,60
DA:25,65
DA:26,5
DA:29,60
DA:30,7
DA:33,53
LF:11
LH:11
BRDA:25,0,0,5
BRDA:25,0,1,60
BRDA:25,1,0,65
BRDA:25,1,1,61
BRDA:29,2,0,7
BRDA:29,2,1,53
BRF:6
BRH:6
end_of_record
TN:
SF:src/module/domain/authentication/vo/Password.ts
FN:9,(anonymous_0)
FN:13,(anonymous_1)
FN:17,(anonymous_2)
FN:21,(anonymous_3)
FN:28,(anonymous_4)
FNF:5
FNH:5
FNDA:55,(anonymous_0)
FNDA:19,(anonymous_1)
FNDA:12,(anonymous_2)
FNDA:36,(anonymous_3)
FNDA:24,(anonymous_4)
DA:1,6
DA:8,6
DA:10,55
DA:14,19
DA:18,12
DA:22,36
DA:23,5
DA:25,31
DA:29,24
LF:9
LH:9
BRDA:22,0,0,5
BRDA:22,0,1,31
BRDA:22,1,0,36
BRDA:22,1,1,32
BRF:4
BRH:4
end_of_record
TN:
SF:src/module/domain/authentication/vo/UserName.ts
FN:8,(anonymous_0)
FN:12,(anonymous_1)
FN:16,(anonymous_2)
FNF:3
FNH:3
FNDA:54,(anonymous_0)
FNDA:25,(anonymous_1)
FNDA:63,(anonymous_2)
DA:1,6
DA:7,6
DA:9,54
DA:13,25
DA:17,63
DA:18,5
DA:20,58
DA:21,3
DA:23,55
DA:24,1
DA:26,54
LF:11
LH:11
BRDA:17,0,0,5
BRDA:17,0,1,58
BRDA:17,1,0,63
BRDA:17,1,1,59
BRDA:20,2,0,3
BRDA:20,2,1,55
BRDA:23,3,0,1
BRDA:23,3,1,54
BRF:8
BRH:8
end_of_record
TN:
SF:src/module/domain/authentication/vo/UserRole.ts
FN:10,(anonymous_0)
FN:14,(anonymous_1)
FN:18,(anonymous_2)
FN:22,(anonymous_3)
FN:26,(anonymous_4)
FN:38,(anonymous_5)
FN:42,(anonymous_6)
FNF:7
FNH:7
FNDA:58,(anonymous_0)
FNDA:27,(anonymous_1)
FNDA:4,(anonymous_2)
FNDA:4,(anonymous_3)
FNDA:55,(anonymous_4)
FNDA:3,(anonymous_5)
FNDA:4,(anonymous_6)
DA:1,6
DA:9,6
DA:11,58
DA:15,27
DA:19,4
DA:23,4
DA:27,55
DA:28,55
DA:30,55
DA:31,4
DA:33,51
DA:39,3
DA:43,4
LF:13
LH:13
BRDA:30,0,0,4
BRDA:30,0,1,51
BRF:2
BRH:2
end_of_record
TN:
SF:src/module/domain/model/Model.ts
FN:27,(anonymous_0)
FN:31,(anonymous_1)
FN:35,(anonymous_2)
FN:39,(anonymous_3)
FN:43,(anonymous_4)
FN:47,(anonymous_5)
FN:51,(anonymous_6)
FN:55,(anonymous_7)
FN:59,(anonymous_8)
FN:63,(anonymous_9)
FN:67,(anonymous_10)
FN:71,(anonymous_11)
FN:75,(anonymous_12)
FN:79,(anonymous_13)
FN:105,(anonymous_14)
FNF:15
FNH:15
FNDA:33,(anonymous_0)
FNDA:15,(anonymous_1)
FNDA:15,(anonymous_2)
FNDA:2,(anonymous_3)
FNDA:14,(anonymous_4)
FNDA:13,(anonymous_5)
FNDA:13,(anonymous_6)
FNDA:2,(anonymous_7)
FNDA:11,(anonymous_8)
FNDA:10,(anonymous_9)
FNDA:15,(anonymous_10)
FNDA:2,(anonymous_11)
FNDA:2,(anonymous_12)
FNDA:45,(anonymous_13)
FNDA:7,(anonymous_14)
DA:1,3
DA:2,3
DA:3,3
DA:4,3
DA:26,3
DA:28,33
DA:32,15
DA:36,15
DA:40,2
DA:44,14
DA:48,13
DA:52,13
DA:56,2
DA:60,11
DA:64,10
DA:68,15
DA:72,2
DA:76,2
DA:80,45
DA:81,3
DA:83,42
DA:84,3
DA:86,39
DA:87,3
DA:90,36
DA:91,35
DA:92,34
DA:94,33
DA:106,7
LF:29
LH:29
BRDA:80,0,0,3
BRDA:80,0,1,42
BRDA:83,1,0,3
BRDA:83,1,1,39
BRDA:83,2,0,42
BRDA:83,2,1,40
BRDA:86,3,0,3
BRDA:86,3,1,36
BRDA:86,4,0,39
BRDA:86,4,1,37
BRF:10
BRH:10
end_of_record
TN:
SF:src/module/domain/model/mapper/ModelMapper.ts
FN:27,(anonymous_0)
FN:39,(anonymous_1)
FN:52,(anonymous_2)
FN:63,(anonymous_3)
FN:76,(anonymous_4)
FN:77,(anonymous_5)
FN:80,(anonymous_6)
FN:81,(anonymous_7)
FNF:8
FNH:8
FNDA:3,(anonymous_0)
FNDA:1,(anonymous_1)
FNDA:1,(anonymous_2)
FNDA:7,(anonymous_3)
FNDA:2,(anonymous_4)
FNDA:2,(anonymous_5)
FNDA:2,(anonymous_6)
FNDA:2,(anonymous_7)
DA:1,2
DA:26,2
DA:28,3
DA:40,1
DA:53,1
DA:64,7
DA:77,2
DA:81,2
LF:8
LH:8
BRF:0
BRH:0
end_of_record
TN:
SF:src/module/domain/model/vo/Accuracy.ts
FN:10,(anonymous_0)
FN:14,(anonymous_1)
FN:18,(anonymous_2)
FN:22,(anonymous_3)
FN:26,(anonymous_4)
FN:30,(anonymous_5)
FNF:6
FNH:6
FNDA:62,(anonymous_0)
FNDA:19,(anonymous_1)
FNDA:7,(anonymous_2)
FNDA:7,(anonymous_3)
FNDA:6,(anonymous_4)
FNDA:68,(anonymous_5)
DA:1,4
DA:9,4
DA:11,62
DA:15,19
DA:19,7
DA:23,7
DA:27,6
DA:31,68
DA:32,5
DA:34,63
DA:35,1
DA:37,62
LF:12
LH:12
BRDA:23,0,0,7
BRDA:23,0,1,5
BRDA:31,1,0,5
BRDA:31,1,1,63
BRDA:31,2,0,68
BRDA:31,2,1,66
BRDA:34,3,0,1
BRDA:34,3,1,62
BRF:8
BRH:8
end_of_record
TN:
SF:src/module/domain/model/vo/ModelStatus.ts
FN:10,(anonymous_0)
FN:14,(anonymous_1)
FN:18,(anonymous_2)
FN:22,(anonymous_3)
FN:26,(anonymous_4)
FN:36,(anonymous_5)
FN:40,(anonymous_6)
FNF:7
FNH:7
FNDA:57,(anonymous_0)
FNDA:24,(anonymous_1)
FNDA:7,(anonymous_2)
FNDA:4,(anonymous_3)
FNDA:54,(anonymous_4)
FNDA:4,(anonymous_5)
FNDA:3,(anonymous_6)
DA:1,4
DA:9,4
DA:11,57
DA:15,24
DA:19,7
DA:23,4
DA:27,54
DA:28,54
DA:30,54
DA:31,4
DA:33,50
DA:37,4
DA:41,3
LF:13
LH:13
BRDA:30,0,0,4
BRDA:30,0,1,50
BRF:2
BRH:2
end_of_record
TN:
SF:src/module/domain/model/vo/ModelType.ts
FN:10,(anonymous_0)
FN:14,(anonymous_1)
FN:18,(anonymous_2)
FN:22,(anonymous_3)
FN:26,(anonymous_4)
FN:36,(anonymous_5)
FN:40,(anonymous_6)
FNF:7
FNH:7
FNDA:59,(anonymous_0)
FNDA:24,(anonymous_1)
FNDA:5,(anonymous_2)
FNDA:4,(anonymous_3)
FNDA:56,(anonymous_4)
FNDA:4,(anonymous_5)
FNDA:3,(anonymous_6)
DA:1,4
DA:9,4
DA:11,59
DA:15,24
DA:19,5
DA:23,4
DA:27,56
DA:28,56
DA:30,56
DA:31,4
DA:33,52
DA:37,4
DA:41,3
LF:13
LH:13
BRDA:30,0,0,4
BRDA:30,0,1,52
BRF:2
BRH:2
end_of_record
TN:
SF:src/module/domain/product/Product.ts
FN:25,(anonymous_0)
FN:29,(anonymous_1)
FN:33,(anonymous_2)
FN:37,(anonymous_3)
FN:41,(anonymous_4)
FN:45,(anonymous_5)
FN:49,(anonymous_6)
FN:53,(anonymous_7)
FN:57,(anonymous_8)
FN:61,(anonymous_9)
FN:65,(anonymous_10)
FN:88,(anonymous_11)
FNF:12
FNH:12
FNDA:34,(anonymous_0)
FNDA:15,(anonymous_1)
FNDA:15,(anonymous_2)
FNDA:15,(anonymous_3)
FNDA:2,(anonymous_4)
FNDA:11,(anonymous_5)
FNDA:15,(anonymous_6)
FNDA:14,(anonymous_7)
FNDA:14,(anonymous_8)
FNDA:11,(anonymous_9)
FNDA:45,(anonymous_10)
FNDA:12,(anonymous_11)
DA:1,4
DA:2,4
DA:24,4
DA:26,34
DA:30,15
DA:34,15
DA:38,15
DA:42,2
DA:46,11
DA:50,15
DA:54,14
DA:58,14
DA:62,11
DA:66,45
DA:67,3
DA:69,42
DA:70,5
DA:72,37
DA:73,2
DA:75,35
DA:77,34
DA:89,12
LF:22
LH:22
BRDA:66,0,0,3
BRDA:66,0,1,42
BRDA:69,1,0,5
BRDA:69,1,1,37
BRDA:69,2,0,42
BRDA:69,2,1,41
BRDA:69,2,2,40
BRDA:72,3,0,2
BRDA:72,3,1,35
BRDA:72,4,0,37
BRDA:72,4,1,36
BRF:11
BRH:11
end_of_record
TN:
SF:src/module/domain/product/mapper/ProductMap.ts
FN:28,(anonymous_0)
FN:40,(anonymous_1)
FN:53,(anonymous_2)
FN:66,(anonymous_3)
FN:79,(anonymous_4)
FN:80,(anonymous_5)
FN:86,(anonymous_6)
FN:87,(anonymous_7)
FNF:8
FNH:8
FNDA:7,(anonymous_0)
FNDA:2,(anonymous_1)
FNDA:1,(anonymous_2)
FNDA:7,(anonymous_3)
FNDA:2,(anonymous_4)
FNDA:2,(anonymous_5)
FNDA:2,(anonymous_6)
FNDA:2,(anonymous_7)
DA:1,2
DA:27,2
DA:29,7
DA:41,2
DA:54,1
DA:67,7
DA:80,2
DA:87,2
LF:8
LH:8
BRDA:30,0,0,7
BRDA:30,0,1,1
BRDA:32,1,0,7
BRDA:32,1,1,1
BRDA:46,2,0,2
BRDA:46,2,1,1
BRDA:47,3,0,2
BRDA:47,3,1,1
BRDA:58,4,0,1
BRDA:58,4,1,0
BRDA:59,5,0,1
BRDA:59,5,1,0
BRF:12
BRH:10
end_of_record
TN:
SF:src/module/domain/product/vo/Category.ts
FN:10,(anonymous_0)
FN:14,(anonymous_1)
FN:18,(anonymous_2)
FN:22,(anonymous_3)
FN:26,(anonymous_4)
FN:38,(anonymous_5)
FN:42,(anonymous_6)
FNF:7
FNH:7
FNDA:58,(anonymous_0)
FNDA:24,(anonymous_1)
FNDA:5,(anonymous_2)
FNDA:4,(anonymous_3)
FNDA:55,(anonymous_4)
FNDA:4,(anonymous_5)
FNDA:3,(anonymous_6)
DA:1,5
DA:9,5
DA:11,58
DA:15,24
DA:19,5
DA:23,4
DA:27,55
DA:28,55
DA:30,55
DA:31,4
DA:33,51
DA:39,4
DA:43,3
LF:13
LH:13
BRDA:30,0,0,4
BRDA:30,0,1,51
BRF:2
BRH:2
end_of_record
TN:
SF:src/module/domain/report/Report.ts
FN:41,(anonymous_0)
FN:45,(anonymous_1)
FN:49,(anonymous_2)
FN:53,(anonymous_3)
FN:57,(anonymous_4)
FN:61,(anonymous_5)
FN:65,(anonymous_6)
FN:69,(anonymous_7)
FN:73,(anonymous_8)
FN:77,(anonymous_9)
FN:81,(anonymous_10)
FN:85,(anonymous_11)
FN:89,(anonymous_12)
FN:93,(anonymous_13)
FN:113,(anonymous_14)
FNF:15
FNH:15
FNDA:40,(anonymous_0)
FNDA:18,(anonymous_1)
FNDA:21,(anonymous_2)
FNDA:17,(anonymous_3)
FNDA:15,(anonymous_4)
FNDA:4,(anonymous_5)
FNDA:2,(anonymous_6)
FNDA:17,(anonymous_7)
FNDA:2,(anonymous_8)
FNDA:13,(anonymous_9)
FNDA:16,(anonymous_10)
FNDA:17,(anonymous_11)
FNDA:18,(anonymous_12)
FNDA:45,(anonymous_13)
FNDA:15,(anonymous_14)
DA:1,4
DA:2,4
DA:3,4
DA:40,4
DA:42,40
DA:46,18
DA:50,21
DA:54,17
DA:58,15
DA:62,4
DA:66,2
DA:70,17
DA:74,2
DA:78,13
DA:82,16
DA:86,17
DA:90,18
DA:94,45
DA:95,3
DA:98,42
DA:99,41
DA:101,40
DA:114,15
LF:23
LH:23
BRDA:94,0,0,3
BRDA:94,0,1,42
BRF:2
BRH:2
end_of_record
TN:
SF:src/module/domain/report/mapper/ReportMap.ts
FN:42,(anonymous_0)
FN:64,(anonymous_1)
FN:76,(anonymous_2)
FN:84,(anonymous_3)
FN:98,(anonymous_4)
FN:99,(anonymous_5)
FN:102,(anonymous_6)
FN:103,(anonymous_7)
FNF:8
FNH:8
FNDA:8,(anonymous_0)
FNDA:2,(anonymous_1)
FNDA:1,(anonymous_2)
FNDA:10,(anonymous_3)
FNDA:2,(anonymous_4)
FNDA:2,(anonymous_5)
FNDA:5,(anonymous_6)
FNDA:3,(anonymous_7)
DA:1,3
DA:41,3
DA:43,8
DA:65,2
DA:77,1
DA:85,10
DA:99,2
DA:103,5
LF:8
LH:8
BRDA:50,0,0,7
BRDA:50,0,1,1
BRDA:56,1,0,7
BRDA:56,1,1,1
BRDA:58,2,0,7
BRDA:58,2,1,1
BRDA:71,3,0,2
BRDA:71,3,1,1
BRDA:80,4,0,1
BRDA:80,4,1,0
BRF:10
BRH:9
end_of_record
TN:
SF:src/module/domain/report/vo/AuthenticityResult.ts
FN:10,(anonymous_0)
FN:14,(anonymous_1)
FN:18,(anonymous_2)
FN:22,(anonymous_3)
FN:26,(anonymous_4)
FN:38,(anonymous_5)
FN:44,(anonymous_6)
FNF:7
FNH:7
FNDA:65,(anonymous_0)
FNDA:28,(anonymous_1)
FNDA:5,(anonymous_2)
FNDA:4,(anonymous_3)
FNDA:62,(anonymous_4)
FNDA:4,(anonymous_5)
FNDA:3,(anonymous_6)
DA:1,5
DA:9,5
DA:11,65
DA:15,28
DA:19,5
DA:23,4
DA:27,62
DA:28,62
DA:30,62
DA:31,4
DA:33,58
DA:39,4
DA:45,3
LF:13
LH:13
BRDA:30,0,0,4
BRDA:30,0,1,58
BRF:2
BRH:2
end_of_record
TN:
SF:src/module/domain/report/vo/ConfidenceScore.ts
FN:10,(anonymous_0)
FN:14,(anonymous_1)
FN:18,(anonymous_2)
FN:22,(anonymous_3)
FN:26,(anonymous_4)
FN:30,(anonymous_5)
FNF:6
FNH:6
FNDA:68,(anonymous_0)
FNDA:23,(anonymous_1)
FNDA:7,(anonymous_2)
FNDA:7,(anonymous_3)
FNDA:6,(anonymous_4)
FNDA:74,(anonymous_5)
DA:1,5
DA:9,5
DA:11,68
DA:15,23
DA:19,7
DA:23,7
DA:27,6
DA:31,74
DA:32,5
DA:34,69
DA:35,1
DA:37,68
LF:12
LH:12
BRDA:23,0,0,7
BRDA:23,0,1,5
BRDA:31,1,0,5
BRDA:31,1,1,69
BRDA:31,2,0,74
BRDA:31,2,1,72
BRDA:34,3,0,1
BRDA:34,3,1,68
BRF:8
BRH:8
end_of_record
TN:
SF:src/module/infrastructure/auth/JWTService.ts
FN:31,(anonymous_1)
FN:41,(anonymous_2)
FN:51,(anonymous_3)
FN:61,(anonymous_4)
FN:71,(anonymous_5)
FN:87,(anonymous_6)
FN:103,(anonymous_7)
FN:120,(anonymous_8)
FN:131,(anonymous_9)
FNF:9
FNH:9
FNDA:25,(anonymous_1)
FNDA:17,(anonymous_2)
FNDA:7,(anonymous_3)
FNDA:3,(anonymous_4)
FNDA:6,(anonymous_5)
FNDA:6,(anonymous_6)
FNDA:3,(anonymous_7)
FNDA:3,(anonymous_8)
FNDA:5,(anonymous_9)
DA:1,1
DA:28,1
DA:32,25
DA:42,17
DA:45,17
DA:52,7
DA:55,7
DA:62,3
DA:72,6
DA:73,6
DA:74,2
DA:80,4
DA:88,6
DA:89,6
DA:90,2
DA:96,4
DA:104,3
DA:105,3
DA:106,3
DA:107,2
DA:113,0
DA:121,3
DA:122,3
DA:123,2
DA:125,1
DA:132,5
DA:133,3
DA:135,2
DA:140,1
DA:141,1
LF:30
LH:29
BRDA:33,0,0,25
BRDA:33,0,1,2
BRDA:33,0,2,2
BRDA:34,1,0,25
BRDA:34,1,1,3
BRDA:34,1,2,3
BRDA:106,2,0,1
BRDA:106,2,1,2
BRDA:122,3,0,2
BRDA:122,3,1,1
BRDA:132,4,0,3
BRDA:132,4,1,2
BRDA:132,5,0,5
BRDA:132,5,1,3
BRF:14
BRH:14
end_of_record
TN:
SF:src/module/infrastructure/hash/HashService.ts
FN:18,(anonymous_1)
FN:25,(anonymous_2)
FN:36,(anonymous_3)
FN:46,(anonymous_4)
FN:53,(anonymous_5)
FN:63,(anonymous_6)
FNF:6
FNH:6
FNDA:32,(anonymous_1)
FNDA:15,(anonymous_2)
FNDA:7,(anonymous_3)
FNDA:7,(anonymous_4)
FNDA:5,(anonymous_5)
FNDA:8,(anonymous_6)
DA:1,1
DA:15,1
DA:19,32
DA:26,15
DA:27,4
DA:29,11
DA:30,11
DA:37,7
DA:38,4
DA:40,3
DA:47,7
DA:54,5
DA:55,2
DA:57,3
DA:65,8
DA:66,8
DA:71,1
DA:72,1
LF:18
LH:18
BRDA:19,0,0,32
BRDA:19,0,1,31
BRDA:26,1,0,4
BRDA:26,1,1,11
BRDA:26,2,0,15
BRDA:26,2,1,12
BRDA:37,3,0,4
BRDA:37,3,1,3
BRDA:37,4,0,7
BRDA:37,4,1,5
BRDA:54,5,0,2
BRDA:54,5,1,3
BRDA:54,6,0,5
BRDA:54,6,1,4
BRF:14
BRH:14
end_of_record
TN:
SF:src/module/infrastructure/storage/ModelStorageService.ts
FN:41,(anonymous_9)
FN:49,(anonymous_10)
FN:58,(anonymous_11)
FN:72,(anonymous_12)
FN:81,(anonymous_13)
FN:99,(anonymous_14)
FN:111,(anonymous_15)
FNF:7
FNH:7
FNDA:17,(anonymous_9)
FNDA:17,(anonymous_10)
FNDA:19,(anonymous_11)
FNDA:17,(anonymous_12)
FNDA:19,(anonymous_13)
FNDA:2,(anonymous_14)
FNDA:2,(anonymous_15)
DA:1,1
DA:2,1
DA:24,1
DA:38,1
DA:42,17
DA:43,17
DA:50,17
DA:51,15
DA:59,19
DA:61,19
DA:62,1
DA:64,18
DA:65,1
DA:73,17
DA:74,17
DA:75,17
DA:82,19
DA:84,17
DA:85,17
DA:87,17
DA:89,17
DA:100,2
DA:101,1
DA:104,1
DA:105,1
DA:112,2
DA:117,1
DA:118,1
LF:28
LH:28
BRDA:50,0,0,15
BRDA:50,0,1,2
BRDA:61,1,0,1
BRDA:61,1,1,18
BRDA:64,2,0,1
BRDA:64,2,1,17
BRDA:100,3,0,1
BRDA:100,3,1,1
BRF:8
BRH:8
end_of_record
TN:
SF:src/module/infrastructure/storage/StorageService.ts
FN:45,(anonymous_9)
FN:53,(anonymous_10)
FN:62,(anonymous_11)
FN:74,(anonymous_12)
FN:84,(anonymous_13)
FN:103,(anonymous_14)
FN:104,(anonymous_15)
FN:110,(anonymous_16)
FN:124,(anonymous_17)
FN:132,(anonymous_18)
FN:140,(anonymous_19)
FNF:11
FNH:11
FNDA:20,(anonymous_9)
FNDA:20,(anonymous_10)
FNDA:16,(anonymous_11)
FNDA:14,(anonymous_12)
FNDA:16,(anonymous_13)
FNDA:2,(anonymous_14)
FNDA:3,(anonymous_15)
FNDA:4,(anonymous_16)
FNDA:2,(anonymous_17)
FNDA:2,(anonymous_18)
FNDA:1,(anonymous_19)
DA:1,1
DA:2,1
DA:3,1
DA:26,1
DA:42,1
DA:46,20
DA:47,20
DA:54,20
DA:55,18
DA:63,16
DA:64,1
DA:66,15
DA:67,1
DA:75,14
DA:76,14
DA:77,14
DA:78,14
DA:85,16
DA:87,14
DA:88,14
DA:90,14
DA:92,14
DA:104,3
DA:111,4
DA:113,4
DA:114,2
DA:117,2
DA:118,2
DA:125,2
DA:126,2
DA:133,2
DA:134,2
DA:141,1
DA:142,1
DA:147,1
DA:148,1
LF:36
LH:36
BRDA:54,0,0,18
BRDA:54,0,1,2
BRDA:63,1,0,1
BRDA:63,1,1,15
BRDA:66,2,0,1
BRDA:66,2,1,14
BRDA:113,3,0,2
BRDA:113,3,1,2
BRF:8
BRH:8
end_of_record
TN:
SF:src/module/interface/controllers/LoginController.ts
FN:9,(anonymous_0)
FN:11,(anonymous_1)
FNF:2
FNH:2
FNDA:6,(anonymous_0)
FNDA:6,(anonymous_1)
DA:1,1
DA:3,1
DA:8,1
DA:9,6
DA:12,6
DA:13,6
DA:15,6
DA:17,2
DA:19,4
DA:21,4
DA:22,2
DA:25,2
LF:12
LH:12
BRDA:19,0,0,3
BRDA:19,0,1,1
BRDA:21,1,0,2
BRDA:21,1,1,2
BRF:4
BRH:4
end_of_record
TN:
SF:src/module/interface/controllers/RegisterController.ts
FN:9,(anonymous_0)
FN:11,(anonymous_1)
FNF:2
FNH:2
FNDA:6,(anonymous_0)
FNDA:6,(anonymous_1)
DA:1,1
DA:3,1
DA:8,1
DA:9,6
DA:12,6
DA:13,6
DA:15,6
DA:17,2
DA:19,4
DA:21,4
DA:22,2
DA:25,2
LF:12
LH:12
BRDA:19,0,0,3
BRDA:19,0,1,1
BRDA:21,1,0,2
BRDA:21,1,1,2
BRF:4
BRH:4
end_of_record
TN:
SF:src/module/interface/controllers/ReportController.ts
FN:15,(anonymous_0)
FN:20,(anonymous_1)
FN:38,(anonymous_2)
FN:68,(anonymous_3)
FN:87,(anonymous_4)
FNF:5
FNH:5
FNDA:16,(anonymous_0)
FNDA:4,(anonymous_1)
FNDA:4,(anonymous_2)
FNDA:4,(anonymous_3)
FNDA:7,(anonymous_4)
DA:1,1
DA:4,1
DA:5,1
DA:14,1
DA:16,16
DA:17,16
DA:21,4
DA:23,4
DA:25,1
DA:27,2
DA:31,1
DA:39,4
DA:40,4
DA:41,1
DA:44,3
DA:46,3
DA:53,2
DA:55,1
DA:57,1
DA:58,1
DA:61,0
DA:69,4
DA:70,4
DA:71,1
DA:74,3
DA:75,3
DA:77,3
DA:79,0
DA:80,0
DA:88,7
DA:89,7
DA:90,1
DA:93,6
DA:94,6
DA:95,1
DA:97,5
DA:99,5
DA:100,1
DA:104,4
DA:105,1
DA:108,3
DA:110,3
DA:112,0
DA:113,0
LF:44
LH:39
BRDA:21,0,0,4
BRDA:21,0,1,0
BRDA:23,1,0,1
BRDA:23,1,1,2
BRDA:23,1,2,1
BRDA:27,2,0,1
BRDA:27,2,1,1
BRDA:40,3,0,1
BRDA:40,3,1,3
BRDA:55,4,0,1
BRDA:55,4,1,0
BRDA:57,5,0,1
BRDA:57,5,1,0
BRDA:70,6,0,1
BRDA:70,6,1,3
BRDA:79,7,0,0
BRDA:79,7,1,0
BRDA:89,8,0,1
BRDA:89,8,1,6
BRDA:94,9,0,1
BRDA:94,9,1,5
BRDA:99,10,0,1
BRDA:99,10,1,4
BRDA:104,11,0,1
BRDA:104,11,1,3
BRDA:104,12,0,4
BRDA:104,12,1,2
BRDA:112,13,0,0
BRDA:112,13,1,0
BRF:29
BRH:22
end_of_record
TN:
SF:src/module/interface/http/HttpTypes.ts
FN:29,(anonymous_0)
FN:30,(anonymous_1)
FN:31,(anonymous_2)
FN:32,(anonymous_3)
FN:33,(anonymous_4)
FN:34,(anonymous_5)
FN:35,(anonymous_6)
FNF:7
FNH:7
FNDA:10,(anonymous_0)
FNDA:5,(anonymous_1)
FNDA:8,(anonymous_2)
FNDA:6,(anonymous_3)
FNDA:2,(anonymous_4)
FNDA:3,(anonymous_5)
FNDA:6,(anonymous_6)
DA:29,10
DA:30,5
DA:31,8
DA:32,6
DA:33,4
DA:34,4
DA:35,6
LF:7
LH:7
BRDA:32,0,0,1
BRDA:33,1,0,1
BRDA:34,2,0,1
BRDA:35,3,0,1
BRF:4
BRH:4
end_of_record
TN:
SF:src/module/interface/http/middleware/AuthMiddleware.ts
FN:15,(anonymous_0)
FN:19,(anonymous_1)
FN:45,(anonymous_2)
FN:46,(anonymous_3)
FNF:4
FNH:4
FNDA:11,(anonymous_0)
FNDA:6,(anonymous_1)
FNDA:5,(anonymous_2)
FNDA:5,(anonymous_3)
DA:12,1
DA:16,11
DA:19,11
DA:20,6
DA:22,6
DA:23,2
DA:24,2
DA:27,4
DA:29,4
DA:30,1
DA:31,1
DA:34,3
DA:36,3
DA:37,1
DA:38,1
DA:41,2
DA:42,2
DA:45,11
DA:46,5
DA:47,5
DA:48,1
DA:49,1
DA:52,4
DA:53,2
DA:54,2
DA:57,2
LF:26
LH:26
BRDA:22,0,0,2
BRDA:22,0,1,4
BRDA:22,1,0,6
BRDA:22,1,1,5
BRDA:29,2,0,1
BRDA:29,2,1,3
BRDA:36,3,0,1
BRDA:36,3,1,2
BRDA:47,4,0,1
BRDA:47,4,1,4
BRDA:52,5,0,2
BRDA:52,5,1,2
BRF:12
BRH:12
end_of_record
TN:
SF:src/module/interface/presenters/AuthPresenter.ts
FN:11,(anonymous_0)
FN:37,(anonymous_1)
FN:52,(anonymous_2)
FNF:3
FNH:2
FNDA:2,(anonymous_0)
FNDA:2,(anonymous_1)
FNDA:0,(anonymous_2)
DA:7,2
DA:15,2
DA:42,2
DA:53,0
LF:4
LH:3
BRDA:45,0,0,2
BRDA:45,0,1,0
BRF:2
BRH:1
end_of_record
TN:
SF:src/module/interface/presenters/ReportPresenter.ts
FN:19,(anonymous_0)
FN:34,(anonymous_1)
FN:35,(anonymous_2)
FN:36,(anonymous_3)
FN:42,(anonymous_4)
FN:55,(anonymous_5)
FN:66,(anonymous_6)
FNF:7
FNH:7
FNDA:2,(anonymous_0)
FNDA:3,(anonymous_1)
FNDA:1,(anonymous_2)
FNDA:1,(anonymous_3)
FNDA:1,(anonymous_4)
FNDA:3,(anonymous_5)
FNDA:6,(anonymous_6)
DA:15,1
DA:24,2
DA:35,3
DA:36,3
DA:38,3
DA:42,1
DA:56,3
DA:67,6
LF:8
LH:8
BRDA:27,0,0,2
BRDA:27,0,1,0
BRDA:75,1,0,6
BRDA:75,1,1,0
BRF:4
BRH:2
end_of_record
TN:
SF:src/shared/core/Entity.ts
FN:12,(anonymous_0)
FN:18,(anonymous_1)
FN:22,(anonymous_2)
FNF:3
FNH:3
FNDA:152,(anonymous_0)
FNDA:6,(anonymous_1)
FNDA:13,(anonymous_2)
DA:7,15
DA:13,152
DA:14,152
DA:19,6
DA:23,13
DA:24,2
DA:27,11
DA:28,1
DA:31,10
LF:9
LH:9
BRDA:23,0,0,2
BRDA:23,0,1,11
BRDA:23,1,0,13
BRDA:23,1,1,12
BRDA:27,2,0,1
BRDA:27,2,1,10
BRF:6
BRH:6
end_of_record
TN:
SF:src/shared/core/Result.ts
FN:4,(anonymous_0)
FN:8,(anonymous_1)
FN:12,(anonymous_2)
FNF:3
FNH:3
FNDA:6,(anonymous_0)
FNDA:2,(anonymous_1)
FNDA:2,(anonymous_2)
DA:1,1
DA:5,6
DA:9,2
DA:13,2
LF:4
LH:4
BRF:0
BRH:0
end_of_record
TN:
SF:src/shared/core/ValueObject.ts
FN:14,(anonymous_0)
FN:21,(anonymous_1)
FNF:2
FNH:2
FNDA:603,(anonymous_0)
FNDA:48,(anonymous_1)
DA:11,25
DA:15,603
DA:22,48
DA:23,2
DA:25,46
DA:26,1
DA:28,45
LF:7
LH:7
BRDA:22,0,0,2
BRDA:22,0,1,46
BRDA:22,1,0,48
BRDA:22,1,1,47
BRDA:25,2,0,1
BRDA:25,2,1,45
BRF:6
BRH:6
end_of_record
