TN:
SF:src/module/domain/authentication/User.ts
FN:27,(anonymous_0)
FN:31,(anonymous_1)
FN:35,(anonymous_2)
FN:39,(anonymous_3)
FN:43,(anonymous_4)
FN:47,(anonymous_5)
FN:51,(anonymous_6)
FN:55,(anonymous_7)
FN:59,(anonymous_8)
FN:63,(anonymous_9)
FN:67,(anonymous_10)
FN:71,(anonymous_11)
FN:75,(anonymous_12)
FN:101,(anonymous_13)
FNF:14
FNH:7
FNDA:2,(anonymous_0)
FNDA:0,(anonymous_1)
FNDA:1,(anonymous_2)
FNDA:0,(anonymous_3)
FNDA:1,(anonymous_4)
FNDA:0,(anonymous_5)
FNDA:2,(anonymous_6)
FNDA:1,(anonymous_7)
FNDA:1,(anonymous_8)
FNDA:0,(anonymous_9)
FNDA:0,(anonymous_10)
FNDA:0,(anonymous_11)
FNDA:6,(anonymous_12)
FNDA:0,(anonymous_13)
DA:1,1
DA:2,1
DA:3,1
DA:4,1
DA:5,1
DA:26,1
DA:28,2
DA:32,0
DA:36,1
DA:40,0
DA:44,1
DA:48,0
DA:52,2
DA:56,1
DA:60,1
DA:64,0
DA:68,0
DA:72,0
DA:76,6
DA:77,0
DA:81,6
DA:82,5
DA:83,4
DA:86,3
DA:88,2
DA:102,0
LF:26
LH:18
BRDA:76,0,0,0
BRDA:76,0,1,6
BRDA:83,1,0,1
BRDA:83,1,1,3
BRF:4
BRH:3
end_of_record
TN:
SF:src/module/domain/authentication/vo/Email.ts
FN:8,(anonymous_0)
FN:12,(anonymous_1)
FN:16,(anonymous_2)
FN:23,(anonymous_3)
FNF:4
FNH:4
FNDA:5,(anonymous_0)
FNDA:1,(anonymous_1)
FNDA:6,(anonymous_2)
FNDA:6,(anonymous_3)
DA:1,1
DA:7,1
DA:9,5
DA:13,1
DA:19,6
DA:20,6
DA:25,6
DA:26,0
DA:29,6
DA:30,1
DA:33,5
LF:11
LH:10
BRDA:25,0,0,0
BRDA:25,0,1,6
BRDA:25,1,0,6
BRDA:25,1,1,6
BRDA:29,2,0,1
BRDA:29,2,1,5
BRF:6
BRH:5
end_of_record
TN:
SF:src/module/domain/authentication/vo/Password.ts
FN:9,(anonymous_0)
FN:13,(anonymous_1)
FN:17,(anonymous_2)
FN:21,(anonymous_3)
FN:28,(anonymous_4)
FNF:5
FNH:5
FNDA:3,(anonymous_0)
FNDA:2,(anonymous_1)
FNDA:1,(anonymous_2)
FNDA:3,(anonymous_3)
FNDA:1,(anonymous_4)
DA:1,1
DA:8,1
DA:10,3
DA:14,2
DA:18,1
DA:22,3
DA:23,1
DA:25,2
DA:29,1
LF:9
LH:9
BRDA:22,0,0,1
BRDA:22,0,1,2
BRDA:22,1,0,3
BRDA:22,1,1,2
BRF:4
BRH:4
end_of_record
TN:
SF:src/module/domain/authentication/vo/UserName.ts
FN:8,(anonymous_0)
FN:12,(anonymous_1)
FN:16,(anonymous_2)
FNF:3
FNH:3
FNDA:4,(anonymous_0)
FNDA:1,(anonymous_1)
FNDA:5,(anonymous_2)
DA:1,1
DA:7,1
DA:9,4
DA:13,1
DA:17,5
DA:18,0
DA:20,5
DA:21,1
DA:23,4
DA:24,0
DA:26,4
LF:11
LH:9
BRDA:17,0,0,0
BRDA:17,0,1,5
BRDA:17,1,0,5
BRDA:17,1,1,5
BRDA:20,2,0,1
BRDA:20,2,1,4
BRDA:23,3,0,0
BRDA:23,3,1,4
BRF:8
BRH:6
end_of_record
TN:
SF:src/module/domain/authentication/vo/UserRole.ts
FN:10,(anonymous_0)
FN:14,(anonymous_1)
FN:18,(anonymous_2)
FN:22,(anonymous_3)
FN:26,(anonymous_4)
FN:38,(anonymous_5)
FN:42,(anonymous_6)
FNF:7
FNH:3
FNDA:2,(anonymous_0)
FNDA:1,(anonymous_1)
FNDA:0,(anonymous_2)
FNDA:0,(anonymous_3)
FNDA:3,(anonymous_4)
FNDA:0,(anonymous_5)
FNDA:0,(anonymous_6)
DA:1,1
DA:9,1
DA:11,2
DA:15,1
DA:19,0
DA:23,0
DA:27,3
DA:28,3
DA:30,3
DA:31,1
DA:33,2
DA:39,0
DA:43,0
LF:13
LH:9
BRDA:30,0,0,1
BRDA:30,0,1,2
BRF:2
BRH:2
end_of_record
TN:
SF:src/module/domain/product/Product.ts
FN:25,(anonymous_0)
FN:29,(anonymous_1)
FN:33,(anonymous_2)
FN:37,(anonymous_3)
FN:41,(anonymous_4)
FN:45,(anonymous_5)
FN:49,(anonymous_6)
FN:53,(anonymous_7)
FN:57,(anonymous_8)
FN:61,(anonymous_9)
FN:65,(anonymous_10)
FN:88,(anonymous_11)
FNF:12
FNH:6
FNDA:1,(anonymous_0)
FNDA:0,(anonymous_1)
FNDA:1,(anonymous_2)
FNDA:1,(anonymous_3)
FNDA:0,(anonymous_4)
FNDA:0,(anonymous_5)
FNDA:0,(anonymous_6)
FNDA:1,(anonymous_7)
FNDA:1,(anonymous_8)
FNDA:0,(anonymous_9)
FNDA:1,(anonymous_10)
FNDA:0,(anonymous_11)
DA:1,1
DA:2,1
DA:24,1
DA:26,1
DA:30,0
DA:34,1
DA:38,1
DA:42,0
DA:46,0
DA:50,0
DA:54,1
DA:58,1
DA:62,0
DA:66,1
DA:67,0
DA:69,1
DA:70,0
DA:72,1
DA:73,0
DA:75,1
DA:77,1
DA:89,0
LF:22
LH:13
BRDA:66,0,0,0
BRDA:66,0,1,1
BRDA:69,1,0,0
BRDA:69,1,1,1
BRDA:69,2,0,1
BRDA:69,2,1,1
BRDA:69,2,2,1
BRDA:72,3,0,0
BRDA:72,3,1,1
BRDA:72,4,0,1
BRDA:72,4,1,1
BRF:11
BRH:8
end_of_record
TN:
SF:src/module/domain/product/vo/Category.ts
FN:10,(anonymous_0)
FN:14,(anonymous_1)
FN:18,(anonymous_2)
FN:22,(anonymous_3)
FN:26,(anonymous_4)
FN:38,(anonymous_5)
FN:42,(anonymous_6)
FNF:7
FNH:3
FNDA:1,(anonymous_0)
FNDA:1,(anonymous_1)
FNDA:0,(anonymous_2)
FNDA:0,(anonymous_3)
FNDA:1,(anonymous_4)
FNDA:0,(anonymous_5)
FNDA:0,(anonymous_6)
DA:1,1
DA:9,1
DA:11,1
DA:15,1
DA:19,0
DA:23,0
DA:27,1
DA:28,1
DA:30,1
DA:31,0
DA:33,1
DA:39,0
DA:43,0
LF:13
LH:8
BRDA:30,0,0,0
BRDA:30,0,1,1
BRF:2
BRH:1
end_of_record
TN:
SF:src/shared/core/Entity.ts
FN:12,(anonymous_0)
FN:18,(anonymous_1)
FN:22,(anonymous_2)
FNF:3
FNH:1
FNDA:3,(anonymous_0)
FNDA:0,(anonymous_1)
FNDA:0,(anonymous_2)
DA:7,2
DA:13,3
DA:14,3
DA:19,0
DA:23,0
DA:24,0
DA:27,0
DA:28,0
DA:31,0
LF:9
LH:3
BRDA:23,0,0,0
BRDA:23,0,1,0
BRDA:23,1,0,0
BRDA:23,1,1,0
BRDA:27,2,0,0
BRDA:27,2,1,0
BRF:6
BRH:0
end_of_record
TN:
SF:src/shared/core/ValueObject.ts
FN:14,(anonymous_0)
FN:21,(anonymous_1)
FNF:2
FNH:1
FNDA:15,(anonymous_0)
FNDA:0,(anonymous_1)
DA:11,2
DA:15,15
DA:22,0
DA:23,0
DA:25,0
DA:26,0
DA:28,0
LF:7
LH:2
BRDA:22,0,0,0
BRDA:22,0,1,0
BRDA:22,1,0,0
BRDA:22,1,1,0
BRDA:25,2,0,0
BRDA:25,2,1,0
BRF:6
BRH:0
end_of_record
